<?xml version="1.0" encoding="UTF-8"?>
<coverage generated="1722601602506" clover="3.2.0">
  <project timestamp="1722601602506" name="All files">
    <metrics statements="551" coveredstatements="422" conditionals="105" coveredconditionals="53" methods="114" coveredmethods="64" elements="770" coveredelements="539" complexity="0" loc="551" ncloc="551" packages="9" files="37" classes="37"/>
    <package name="backend">
      <metrics statements="45" coveredstatements="37" conditionals="3" coveredconditionals="2" methods="4" coveredmethods="0"/>
      <file name="app.ts" path="C:\Users\marsa\Documents\comp3900\comp3900_project\backend\app.ts">
        <metrics statements="45" coveredstatements="37" conditionals="3" coveredconditionals="2" methods="4" coveredmethods="0"/>
        <line num="1" count="4" type="stmt"/>
        <line num="2" count="4" type="stmt"/>
        <line num="3" count="4" type="stmt"/>
        <line num="4" count="4" type="stmt"/>
        <line num="6" count="4" type="stmt"/>
        <line num="7" count="4" type="stmt"/>
        <line num="8" count="4" type="stmt"/>
        <line num="9" count="4" type="stmt"/>
        <line num="12" count="4" type="stmt"/>
        <line num="13" count="4" type="stmt"/>
        <line num="14" count="4" type="stmt"/>
        <line num="17" count="4" type="stmt"/>
        <line num="18" count="4" type="stmt"/>
        <line num="19" count="4" type="stmt"/>
        <line num="20" count="4" type="stmt"/>
        <line num="23" count="4" type="stmt"/>
        <line num="24" count="4" type="stmt"/>
        <line num="28" count="4" type="stmt"/>
        <line num="30" count="4" type="stmt"/>
        <line num="33" count="4" type="stmt"/>
        <line num="36" count="4" type="stmt"/>
        <line num="41" count="4" type="stmt"/>
        <line num="43" count="4" type="stmt"/>
        <line num="45" count="4" type="stmt"/>
        <line num="47" count="4" type="stmt"/>
        <line num="49" count="4" type="stmt"/>
        <line num="52" count="4" type="stmt"/>
        <line num="53" count="0" type="stmt"/>
        <line num="58" count="4" type="stmt"/>
        <line num="60" count="4" type="stmt"/>
        <line num="61" count="4" type="stmt"/>
        <line num="62" count="4" type="stmt"/>
        <line num="63" count="4" type="stmt"/>
        <line num="68" count="4" type="stmt"/>
        <line num="70" count="4" type="stmt"/>
        <line num="72" count="4" type="cond" truecount="2" falsecount="0"/>
        <line num="73" count="4" type="stmt"/>
        <line num="75" count="4" type="cond" truecount="0" falsecount="1"/>
        <line num="76" count="0" type="stmt"/>
        <line num="77" count="0" type="stmt"/>
        <line num="78" count="0" type="stmt"/>
        <line num="79" count="0" type="stmt"/>
        <line num="80" count="0" type="stmt"/>
        <line num="81" count="0" type="stmt"/>
        <line num="84" count="0" type="stmt"/>
      </file>
    </package>
    <package name="backend.controllers">
      <metrics statements="295" coveredstatements="210" conditionals="75" coveredconditionals="40" methods="65" coveredmethods="43"/>
      <file name="authController.ts" path="C:\Users\marsa\Documents\comp3900\comp3900_project\backend\controllers\authController.ts">
        <metrics statements="50" coveredstatements="23" conditionals="10" coveredconditionals="2" methods="8" coveredmethods="4"/>
        <line num="1" count="4" type="stmt"/>
        <line num="2" count="4" type="stmt"/>
        <line num="3" count="4" type="stmt"/>
        <line num="8" count="4" type="stmt"/>
        <line num="10" count="4" type="stmt"/>
        <line num="11" count="4" type="stmt"/>
        <line num="13" count="4" type="stmt"/>
        <line num="15" count="4" type="stmt"/>
        <line num="18" count="0" type="stmt"/>
        <line num="19" count="0" type="stmt"/>
        <line num="20" count="0" type="cond" truecount="0" falsecount="1"/>
        <line num="21" count="0" type="stmt"/>
        <line num="23" count="0" type="cond" truecount="0" falsecount="1"/>
        <line num="24" count="0" type="stmt"/>
        <line num="26" count="0" type="cond" truecount="0" falsecount="1"/>
        <line num="28" count="0" type="stmt"/>
        <line num="30" count="0" type="stmt"/>
        <line num="31" count="0" type="stmt"/>
        <line num="33" count="0" type="stmt"/>
        <line num="34" count="0" type="stmt"/>
        <line num="35" count="0" type="stmt"/>
        <line num="44" count="4" type="stmt"/>
        <line num="47" count="10" type="stmt"/>
        <line num="48" count="10" type="cond" truecount="1" falsecount="0"/>
        <line num="49" count="1" type="stmt"/>
        <line num="50" count="9" type="stmt"/>
        <line num="52" count="9" type="cond" truecount="1" falsecount="0"/>
        <line num="54" count="8" type="cond" truecount="0" falsecount="1"/>
        <line num="55" count="0" type="cond" truecount="0" falsecount="1"/>
        <line num="56" count="0" type="stmt"/>
        <line num="58" count="0" type="stmt"/>
        <line num="59" count="0" type="cond" truecount="0" falsecount="1"/>
        <line num="60" count="0" type="stmt"/>
        <line num="63" count="8" type="stmt"/>
        <line num="65" count="8" type="stmt"/>
        <line num="67" count="8" type="stmt"/>
        <line num="70" count="4" type="stmt"/>
        <line num="71" count="1" type="stmt"/>
        <line num="75" count="1" type="stmt"/>
        <line num="77" count="4" type="stmt"/>
        <line num="82" count="0" type="stmt"/>
        <line num="83" count="0" type="stmt"/>
        <line num="84" count="0" type="cond" truecount="0" falsecount="1"/>
        <line num="85" count="0" type="cond" truecount="0" falsecount="1"/>
        <line num="86" count="0" type="stmt"/>
        <line num="87" count="0" type="stmt"/>
        <line num="89" count="0" type="stmt"/>
        <line num="90" count="0" type="stmt"/>
        <line num="91" count="0" type="stmt"/>
        <line num="93" count="4" type="stmt"/>
      </file>
      <file name="bookingController.ts" path="C:\Users\marsa\Documents\comp3900\comp3900_project\backend\controllers\bookingController.ts">
        <metrics statements="121" coveredstatements="107" conditionals="44" coveredconditionals="33" methods="24" coveredmethods="20"/>
        <line num="2" count="4" type="stmt"/>
        <line num="3" count="4" type="stmt"/>
        <line num="9" count="4" type="stmt"/>
        <line num="10" count="4" type="stmt"/>
        <line num="11" count="4" type="stmt"/>
        <line num="12" count="4" type="stmt"/>
        <line num="18" count="4" type="stmt"/>
        <line num="24" count="4" type="stmt"/>
        <line num="25" count="4" type="stmt"/>
        <line num="26" count="4" type="stmt"/>
        <line num="27" count="4" type="stmt"/>
        <line num="28" count="4" type="stmt"/>
        <line num="46" count="4" type="stmt"/>
        <line num="52" count="30" type="stmt"/>
        <line num="53" count="30" type="cond" truecount="3" falsecount="0"/>
        <line num="54" count="1" type="stmt"/>
        <line num="58" count="29" type="cond" truecount="1" falsecount="0"/>
        <line num="59" count="3" type="stmt"/>
        <line num="60" count="3" type="cond" truecount="1" falsecount="0"/>
        <line num="61" count="2" type="cond" truecount="1" falsecount="0"/>
        <line num="62" count="1" type="stmt"/>
        <line num="68" count="27" type="stmt"/>
        <line num="70" count="27" type="cond" truecount="1" falsecount="0"/>
        <line num="74" count="26" type="stmt"/>
        <line num="77" count="26" type="stmt"/>
        <line num="101" count="26" type="stmt"/>
        <line num="102" count="26" type="cond" truecount="1" falsecount="0"/>
        <line num="103" count="2" type="stmt"/>
        <line num="108" count="24" type="stmt"/>
        <line num="120" count="24" type="stmt"/>
        <line num="123" count="24" type="cond" truecount="0" falsecount="1"/>
        <line num="131" count="24" type="cond" truecount="1" falsecount="0"/>
        <line num="143" count="24" type="stmt"/>
        <line num="146" count="4" type="stmt"/>
        <line num="149" count="3" type="stmt"/>
        <line num="151" count="3" type="cond" truecount="2" falsecount="2"/>
        <line num="152" count="0" type="stmt"/>
        <line num="160" count="3" type="stmt"/>
        <line num="162" count="3" type="stmt"/>
        <line num="163" count="3" type="cond" truecount="0" falsecount="1"/>
        <line num="164" count="3" type="stmt"/>
        <line num="171" count="3" type="stmt"/>
        <line num="174" count="4" type="stmt"/>
        <line num="177" count="2" type="stmt"/>
        <line num="178" count="2" type="stmt"/>
        <line num="179" count="2" type="cond" truecount="0" falsecount="1"/>
        <line num="180" count="0" type="stmt"/>
        <line num="182" count="2" type="cond" truecount="1" falsecount="0"/>
        <line num="183" count="1" type="stmt"/>
        <line num="187" count="1" type="stmt"/>
        <line num="195" count="1" type="stmt"/>
        <line num="197" count="4" type="stmt"/>
        <line num="200" count="2" type="stmt"/>
        <line num="201" count="2" type="stmt"/>
        <line num="202" count="2" type="cond" truecount="0" falsecount="1"/>
        <line num="203" count="0" type="stmt"/>
        <line num="205" count="2" type="cond" truecount="1" falsecount="0"/>
        <line num="206" count="1" type="stmt"/>
        <line num="210" count="1" type="stmt"/>
        <line num="219" count="1" type="stmt"/>
        <line num="223" count="1" type="stmt"/>
        <line num="225" count="4" type="stmt"/>
        <line num="228" count="9" type="stmt"/>
        <line num="230" count="9" type="cond" truecount="2" falsecount="2"/>
        <line num="231" count="0" type="stmt"/>
        <line num="240" count="9" type="stmt"/>
        <line num="242" count="9" type="stmt"/>
        <line num="247" count="9" type="cond" truecount="0" falsecount="1"/>
        <line num="252" count="9" type="stmt"/>
        <line num="263" count="9" type="stmt"/>
        <line num="265" count="4" type="stmt"/>
        <line num="268" count="9" type="stmt"/>
        <line num="269" count="9" type="stmt"/>
        <line num="271" count="8" type="cond" truecount="1" falsecount="0"/>
        <line num="272" count="1" type="stmt"/>
        <line num="274" count="7" type="stmt"/>
        <line num="277" count="4" type="stmt"/>
        <line num="280" count="3" type="stmt"/>
        <line num="281" count="3" type="stmt"/>
        <line num="282" count="3" type="cond" truecount="0" falsecount="1"/>
        <line num="283" count="0" type="stmt"/>
        <line num="284" count="3" type="stmt"/>
        <line num="286" count="2" type="stmt"/>
        <line num="287" count="2" type="stmt"/>
        <line num="290" count="4" type="stmt"/>
        <line num="294" count="7" type="stmt"/>
        <line num="295" count="7" type="stmt"/>
        <line num="296" count="7" type="cond" truecount="0" falsecount="1"/>
        <line num="298" count="7" type="cond" truecount="1" falsecount="0"/>
        <line num="299" count="2" type="stmt"/>
        <line num="301" count="5" type="cond" truecount="1" falsecount="0"/>
        <line num="302" count="2" type="stmt"/>
        <line num="306" count="3" type="stmt"/>
        <line num="307" count="3" type="stmt"/>
        <line num="308" count="3" type="stmt"/>
        <line num="315" count="4" type="stmt"/>
        <line num="316" count="3" type="stmt"/>
        <line num="318" count="4" type="stmt"/>
        <line num="319" count="4" type="stmt"/>
        <line num="321" count="4" type="stmt"/>
        <line num="324" count="0" type="stmt"/>
        <line num="327" count="0" type="stmt"/>
        <line num="332" count="4" type="stmt"/>
        <line num="335" count="0" type="stmt"/>
        <line num="337" count="0" type="stmt"/>
        <line num="339" count="0" type="stmt"/>
        <line num="344" count="0" type="stmt"/>
        <line num="346" count="0" type="stmt"/>
        <line num="349" count="0" type="stmt"/>
        <line num="350" count="0" type="stmt"/>
        <line num="359" count="4" type="stmt"/>
        <line num="360" count="4" type="stmt"/>
        <line num="361" count="4" type="stmt"/>
        <line num="362" count="4" type="stmt"/>
        <line num="363" count="4" type="stmt"/>
        <line num="364" count="4" type="stmt"/>
        <line num="365" count="4" type="stmt"/>
        <line num="366" count="4" type="stmt"/>
        <line num="367" count="4" type="stmt"/>
        <line num="368" count="4" type="stmt"/>
        <line num="369" count="4" type="stmt"/>
      </file>
      <file name="reviewController.ts" path="C:\Users\marsa\Documents\comp3900\comp3900_project\backend\controllers\reviewController.ts">
        <metrics statements="53" coveredstatements="17" conditionals="5" coveredconditionals="0" methods="12" coveredmethods="0"/>
        <line num="2" count="4" type="stmt"/>
        <line num="3" count="4" type="stmt"/>
        <line num="4" count="4" type="stmt"/>
        <line num="5" count="4" type="stmt"/>
        <line num="6" count="4" type="stmt"/>
        <line num="8" count="4" type="stmt"/>
        <line num="11" count="0" type="stmt"/>
        <line num="12" count="0" type="stmt"/>
        <line num="14" count="0" type="stmt"/>
        <line num="16" count="0" type="cond" truecount="0" falsecount="1"/>
        <line num="17" count="0" type="stmt"/>
        <line num="20" count="0" type="stmt"/>
        <line num="24" count="0" type="cond" truecount="0" falsecount="1"/>
        <line num="25" count="0" type="stmt"/>
        <line num="29" count="0" type="stmt"/>
        <line num="33" count="0" type="stmt"/>
        <line num="35" count="4" type="stmt"/>
        <line num="36" count="0" type="stmt"/>
        <line num="42" count="0" type="stmt"/>
        <line num="44" count="4" type="stmt"/>
        <line num="47" count="0" type="stmt"/>
        <line num="48" count="0" type="stmt"/>
        <line num="50" count="0" type="cond" truecount="0" falsecount="1"/>
        <line num="51" count="0" type="stmt"/>
        <line num="53" count="0" type="stmt"/>
        <line num="55" count="0" type="stmt"/>
        <line num="57" count="0" type="stmt"/>
        <line num="60" count="4" type="stmt"/>
        <line num="63" count="0" type="stmt"/>
        <line num="64" count="0" type="stmt"/>
        <line num="66" count="0" type="cond" truecount="0" falsecount="1"/>
        <line num="67" count="0" type="stmt"/>
        <line num="69" count="0" type="stmt"/>
        <line num="71" count="0" type="stmt"/>
        <line num="72" count="0" type="stmt"/>
        <line num="73" count="0" type="stmt"/>
        <line num="75" count="0" type="stmt"/>
        <line num="77" count="0" type="stmt"/>
        <line num="80" count="4" type="stmt"/>
        <line num="83" count="0" type="stmt"/>
        <line num="84" count="0" type="stmt"/>
        <line num="85" count="0" type="cond" truecount="0" falsecount="1"/>
        <line num="87" count="0" type="stmt"/>
        <line num="90" count="4" type="stmt"/>
        <line num="93" count="0" type="stmt"/>
        <line num="94" count="0" type="stmt"/>
        <line num="95" count="0" type="stmt"/>
        <line num="99" count="4" type="stmt"/>
        <line num="100" count="4" type="stmt"/>
        <line num="101" count="4" type="stmt"/>
        <line num="102" count="4" type="stmt"/>
        <line num="103" count="4" type="stmt"/>
        <line num="104" count="4" type="stmt"/>
      </file>
      <file name="roomController.ts" path="C:\Users\marsa\Documents\comp3900\comp3900_project\backend\controllers\roomController.ts">
        <metrics statements="40" coveredstatements="38" conditionals="12" coveredconditionals="4" methods="11" coveredmethods="11"/>
        <line num="2" count="4" type="stmt"/>
        <line num="3" count="4" type="stmt"/>
        <line num="4" count="4" type="stmt"/>
        <line num="6" count="4" type="stmt"/>
        <line num="7" count="4" type="stmt"/>
        <line num="8" count="4" type="stmt"/>
        <line num="15" count="4" type="stmt"/>
        <line num="18" count="2" type="stmt"/>
        <line num="19" count="2" type="stmt"/>
        <line num="20" count="1" type="stmt"/>
        <line num="23" count="4" type="stmt"/>
        <line num="26" count="9" type="stmt"/>
        <line num="31" count="9" type="stmt"/>
        <line num="33" count="34" type="stmt"/>
        <line num="39" count="9" type="cond" truecount="0" falsecount="1"/>
        <line num="40" count="0" type="stmt"/>
        <line num="42" count="0" type="stmt"/>
        <line num="44" count="9" type="cond" truecount="0" falsecount="1"/>
        <line num="45" count="9" type="cond" truecount="0" falsecount="1"/>
        <line num="47" count="9" type="cond" truecount="1" falsecount="3"/>
        <line num="49" count="9" type="cond" truecount="2" falsecount="0"/>
        <line num="53" count="9" type="stmt"/>
        <line num="54" count="9" type="stmt"/>
        <line num="56" count="4" type="stmt"/>
        <line num="59" count="3" type="stmt"/>
        <line num="60" count="3" type="stmt"/>
        <line num="62" count="2" type="cond" truecount="1" falsecount="0"/>
        <line num="64" count="1" type="stmt"/>
        <line num="67" count="4" type="stmt"/>
        <line num="70" count="3" type="stmt"/>
        <line num="71" count="3" type="stmt"/>
        <line num="76" count="2" type="cond" truecount="0" falsecount="1"/>
        <line num="78" count="2" type="stmt"/>
        <line num="80" count="4" type="stmt"/>
        <line num="83" count="1" type="stmt"/>
        <line num="84" count="1" type="stmt"/>
        <line num="85" count="1" type="cond" truecount="0" falsecount="1"/>
        <line num="87" count="1" type="stmt"/>
        <line num="88" count="1" type="stmt"/>
        <line num="91" count="4" type="stmt"/>
      </file>
      <file name="userController.ts" path="C:\Users\marsa\Documents\comp3900\comp3900_project\backend\controllers\userController.ts">
        <metrics statements="31" coveredstatements="25" conditionals="4" coveredconditionals="1" methods="10" coveredmethods="8"/>
        <line num="2" count="4" type="stmt"/>
        <line num="3" count="4" type="stmt"/>
        <line num="4" count="4" type="stmt"/>
        <line num="5" count="4" type="stmt"/>
        <line num="11" count="4" type="stmt"/>
        <line num="12" count="2" type="stmt"/>
        <line num="14" count="2" type="stmt"/>
        <line num="17" count="4" type="stmt"/>
        <line num="18" count="4" type="stmt"/>
        <line num="22" count="3" type="cond" truecount="1" falsecount="0"/>
        <line num="26" count="2" type="stmt"/>
        <line num="29" count="4" type="stmt"/>
        <line num="30" count="1" type="stmt"/>
        <line num="33" count="4" type="stmt"/>
        <line num="36" count="0" type="stmt"/>
        <line num="37" count="0" type="cond" truecount="0" falsecount="3"/>
        <line num="38" count="0" type="stmt"/>
        <line num="40" count="0" type="stmt"/>
        <line num="50" count="0" type="stmt"/>
        <line num="51" count="0" type="stmt"/>
        <line num="54" count="4" type="stmt"/>
        <line num="57" count="3" type="stmt"/>
        <line num="58" count="3" type="stmt"/>
        <line num="66" count="2" type="stmt"/>
        <line num="68" count="2" type="stmt"/>
        <line num="70" count="2" type="stmt"/>
        <line num="74" count="4" type="stmt"/>
        <line num="75" count="4" type="stmt"/>
        <line num="76" count="4" type="stmt"/>
        <line num="77" count="4" type="stmt"/>
        <line num="78" count="4" type="stmt"/>
      </file>
    </package>
    <package name="backend.db">
      <metrics statements="2" coveredstatements="2" conditionals="0" coveredconditionals="0" methods="1" coveredmethods="0"/>
      <file name="connect.ts" path="C:\Users\marsa\Documents\comp3900\comp3900_project\backend\db\connect.ts">
        <metrics statements="2" coveredstatements="2" conditionals="0" coveredconditionals="0" methods="1" coveredmethods="0"/>
        <line num="1" count="4" type="stmt"/>
        <line num="3" count="4" type="stmt"/>
      </file>
    </package>
    <package name="backend.errors">
      <metrics statements="32" coveredstatements="30" conditionals="0" coveredconditionals="0" methods="10" coveredmethods="7"/>
      <file name="bad-request.ts" path="C:\Users\marsa\Documents\comp3900\comp3900_project\backend\errors\bad-request.ts">
        <metrics statements="5" coveredstatements="5" conditionals="0" coveredconditionals="0" methods="1" coveredmethods="1"/>
        <line num="1" count="4" type="stmt"/>
        <line num="2" count="4" type="stmt"/>
        <line num="4" count="4" type="stmt"/>
        <line num="7" count="14" type="stmt"/>
        <line num="8" count="14" type="stmt"/>
      </file>
      <file name="custom-api.ts" path="C:\Users\marsa\Documents\comp3900\comp3900_project\backend\errors\custom-api.ts">
        <metrics statements="2" coveredstatements="2" conditionals="0" coveredconditionals="0" methods="1" coveredmethods="1"/>
        <line num="1" count="4" type="stmt"/>
        <line num="3" count="23" type="stmt"/>
      </file>
      <file name="index.ts" path="C:\Users\marsa\Documents\comp3900\comp3900_project\backend\errors\index.ts">
        <metrics statements="10" coveredstatements="10" conditionals="0" coveredconditionals="0" methods="5" coveredmethods="3"/>
        <line num="1" count="4" type="stmt"/>
        <line num="2" count="4" type="stmt"/>
        <line num="3" count="4" type="stmt"/>
        <line num="4" count="4" type="stmt"/>
        <line num="5" count="4" type="stmt"/>
        <line num="8" count="4" type="stmt"/>
        <line num="9" count="10" type="stmt"/>
        <line num="10" count="4" type="stmt"/>
        <line num="11" count="18" type="stmt"/>
        <line num="12" count="7" type="stmt"/>
      </file>
      <file name="not-found.ts" path="C:\Users\marsa\Documents\comp3900\comp3900_project\backend\errors\not-found.ts">
        <metrics statements="5" coveredstatements="3" conditionals="0" coveredconditionals="0" methods="1" coveredmethods="0"/>
        <line num="1" count="4" type="stmt"/>
        <line num="2" count="4" type="stmt"/>
        <line num="4" count="4" type="stmt"/>
        <line num="7" count="0" type="stmt"/>
        <line num="8" count="0" type="stmt"/>
      </file>
      <file name="unauthenticated.ts" path="C:\Users\marsa\Documents\comp3900\comp3900_project\backend\errors\unauthenticated.ts">
        <metrics statements="5" coveredstatements="5" conditionals="0" coveredconditionals="0" methods="1" coveredmethods="1"/>
        <line num="1" count="4" type="stmt"/>
        <line num="2" count="4" type="stmt"/>
        <line num="4" count="4" type="stmt"/>
        <line num="7" count="6" type="stmt"/>
        <line num="8" count="6" type="stmt"/>
      </file>
      <file name="unauthorized.ts" path="C:\Users\marsa\Documents\comp3900\comp3900_project\backend\errors\unauthorized.ts">
        <metrics statements="5" coveredstatements="5" conditionals="0" coveredconditionals="0" methods="1" coveredmethods="1"/>
        <line num="1" count="4" type="stmt"/>
        <line num="2" count="4" type="stmt"/>
        <line num="4" count="4" type="stmt"/>
        <line num="7" count="3" type="stmt"/>
        <line num="8" count="3" type="stmt"/>
      </file>
    </package>
    <package name="backend.middleware">
      <metrics statements="34" coveredstatements="30" conditionals="11" coveredconditionals="8" methods="7" coveredmethods="6"/>
      <file name="error-handler.ts" path="C:\Users\marsa\Documents\comp3900\comp3900_project\backend\middleware\error-handler.ts">
        <metrics statements="14" coveredstatements="12" conditionals="9" coveredconditionals="6" methods="2" coveredmethods="2"/>
        <line num="2" count="4" type="stmt"/>
        <line num="5" count="4" type="stmt"/>
        <line num="11" count="29" type="stmt"/>
        <line num="16" count="29" type="cond" truecount="1" falsecount="0"/>
        <line num="17" count="2" type="stmt"/>
        <line num="19" count="2" type="stmt"/>
        <line num="20" count="2" type="stmt"/>
        <line num="22" count="29" type="cond" truecount="1" falsecount="2"/>
        <line num="23" count="0" type="stmt"/>
        <line num="26" count="0" type="stmt"/>
        <line num="28" count="29" type="cond" truecount="1" falsecount="0"/>
        <line num="29" count="4" type="stmt"/>
        <line num="30" count="4" type="stmt"/>
        <line num="33" count="29" type="stmt"/>
      </file>
      <file name="full-auth.ts" path="C:\Users\marsa\Documents\comp3900\comp3900_project\backend\middleware\full-auth.ts">
        <metrics statements="17" coveredstatements="16" conditionals="2" coveredconditionals="2" methods="4" coveredmethods="4"/>
        <line num="2" count="4" type="stmt"/>
        <line num="3" count="4" type="stmt"/>
        <line num="6" count="4" type="stmt"/>
        <line num="10" count="96" type="stmt"/>
        <line num="11" count="96" type="cond" truecount="1" falsecount="0"/>
        <line num="12" count="4" type="stmt"/>
        <line num="14" count="92" type="stmt"/>
        <line num="23" count="92" type="stmt"/>
        <line num="25" count="92" type="stmt"/>
        <line num="35" count="92" type="stmt"/>
        <line num="37" count="0" type="stmt"/>
        <line num="42" count="4" type="stmt"/>
        <line num="43" count="24" type="stmt"/>
        <line num="44" count="16" type="cond" truecount="1" falsecount="0"/>
        <line num="45" count="1" type="stmt"/>
        <line num="47" count="15" type="stmt"/>
        <line num="50" count="4" type="stmt"/>
      </file>
      <file name="not-found.ts" path="C:\Users\marsa\Documents\comp3900\comp3900_project\backend\middleware\not-found.ts">
        <metrics statements="3" coveredstatements="2" conditionals="0" coveredconditionals="0" methods="1" coveredmethods="0"/>
        <line num="2" count="4" type="stmt"/>
        <line num="3" count="0" type="stmt"/>
        <line num="5" count="4" type="stmt"/>
      </file>
    </package>
    <package name="backend.models">
      <metrics statements="37" coveredstatements="25" conditionals="13" coveredconditionals="0" methods="7" coveredmethods="0"/>
      <file name="Booking.ts" path="C:\Users\marsa\Documents\comp3900\comp3900_project\backend\models\Booking.ts">
        <metrics statements="3" coveredstatements="3" conditionals="0" coveredconditionals="0" methods="0" coveredmethods="0"/>
        <line num="1" count="4" type="stmt"/>
        <line num="11" count="4" type="stmt"/>
        <line num="63" count="4" type="stmt"/>
      </file>
      <file name="Product.ts" path="C:\Users\marsa\Documents\comp3900\comp3900_project\backend\models\Product.ts">
        <metrics statements="5" coveredstatements="4" conditionals="0" coveredconditionals="0" methods="1" coveredmethods="0"/>
        <line num="1" count="4" type="stmt"/>
        <line num="12" count="4" type="stmt"/>
        <line num="77" count="4" type="stmt"/>
        <line num="82" count="0" type="stmt"/>
        <line num="85" count="4" type="stmt"/>
      </file>
      <file name="Review.ts" path="C:\Users\marsa\Documents\comp3900\comp3900_project\backend\models\Review.ts">
        <metrics statements="14" coveredstatements="8" conditionals="12" coveredconditionals="0" methods="3" coveredmethods="0"/>
        <line num="1" count="4" type="stmt"/>
        <line num="4" count="4" type="stmt"/>
        <line num="16" count="4" type="stmt"/>
        <line num="51" count="4" type="stmt"/>
        <line num="53" count="4" type="stmt"/>
        <line num="56" count="0" type="stmt"/>
        <line num="74" count="0" type="stmt"/>
        <line num="75" count="0" type="stmt"/>
        <line num="80" count="0" type="stmt"/>
        <line num="85" count="4" type="stmt"/>
        <line num="87" count="0" type="stmt"/>
        <line num="90" count="4" type="stmt"/>
        <line num="95" count="0" type="stmt"/>
        <line num="99" count="4" type="stmt"/>
      </file>
      <file name="Room.ts" path="C:\Users\marsa\Documents\comp3900\comp3900_project\backend\models\Room.ts">
        <metrics statements="3" coveredstatements="3" conditionals="0" coveredconditionals="0" methods="0" coveredmethods="0"/>
        <line num="1" count="4" type="stmt"/>
        <line num="11" count="4" type="stmt"/>
        <line num="31" count="4" type="stmt"/>
      </file>
      <file name="User.ts" path="C:\Users\marsa\Documents\comp3900\comp3900_project\backend\models\User.ts">
        <metrics statements="12" coveredstatements="7" conditionals="1" coveredconditionals="0" methods="3" coveredmethods="0"/>
        <line num="1" count="4" type="stmt"/>
        <line num="3" count="4" type="stmt"/>
        <line num="5" count="4" type="stmt"/>
        <line num="14" count="4" type="stmt"/>
        <line num="25" count="0" type="stmt"/>
        <line num="74" count="4" type="stmt"/>
        <line num="75" count="0" type="stmt"/>
        <line num="78" count="4" type="stmt"/>
        <line num="79" count="0" type="cond" truecount="0" falsecount="1"/>
        <line num="80" count="0" type="stmt"/>
        <line num="81" count="0" type="stmt"/>
        <line num="84" count="4" type="stmt"/>
      </file>
    </package>
    <package name="backend.queries">
      <metrics statements="20" coveredstatements="14" conditionals="0" coveredconditionals="0" methods="6" coveredmethods="0"/>
      <file name="availableBetweenQuery.ts" path="C:\Users\marsa\Documents\comp3900\comp3900_project\backend\queries\availableBetweenQuery.ts">
        <metrics statements="3" coveredstatements="2" conditionals="0" coveredconditionals="0" methods="1" coveredmethods="0"/>
        <line num="1" count="4" type="stmt"/>
        <line num="3" count="4" type="stmt"/>
        <line num="4" count="0" type="stmt"/>
      </file>
      <file name="bookingsNotCheckedInQuery.ts" path="C:\Users\marsa\Documents\comp3900\comp3900_project\backend\queries\bookingsNotCheckedInQuery.ts">
        <metrics statements="4" coveredstatements="3" conditionals="0" coveredconditionals="0" methods="1" coveredmethods="0"/>
        <line num="1" count="4" type="stmt"/>
        <line num="2" count="4" type="stmt"/>
        <line num="4" count="4" type="stmt"/>
        <line num="5" count="0" type="stmt"/>
      </file>
      <file name="mostCommonUsersQuery.ts" path="C:\Users\marsa\Documents\comp3900\comp3900_project\backend\queries\mostCommonUsersQuery.ts">
        <metrics statements="3" coveredstatements="2" conditionals="0" coveredconditionals="0" methods="1" coveredmethods="0"/>
        <line num="1" count="4" type="stmt"/>
        <line num="3" count="4" type="stmt"/>
        <line num="4" count="0" type="stmt"/>
      </file>
      <file name="mostCommonlyBookedRoomsQuery.ts" path="C:\Users\marsa\Documents\comp3900\comp3900_project\backend\queries\mostCommonlyBookedRoomsQuery.ts">
        <metrics statements="3" coveredstatements="2" conditionals="0" coveredconditionals="0" methods="1" coveredmethods="0"/>
        <line num="1" count="4" type="stmt"/>
        <line num="3" count="4" type="stmt"/>
        <line num="4" count="0" type="stmt"/>
      </file>
      <file name="roomsUsageQuery.ts" path="C:\Users\marsa\Documents\comp3900\comp3900_project\backend\queries\roomsUsageQuery.ts">
        <metrics statements="4" coveredstatements="3" conditionals="0" coveredconditionals="0" methods="1" coveredmethods="0"/>
        <line num="1" count="4" type="stmt"/>
        <line num="2" count="4" type="stmt"/>
        <line num="4" count="4" type="stmt"/>
        <line num="5" count="0" type="stmt"/>
      </file>
      <file name="userCheckInUsageQuery.ts" path="C:\Users\marsa\Documents\comp3900\comp3900_project\backend\queries\userCheckInUsageQuery.ts">
        <metrics statements="3" coveredstatements="2" conditionals="0" coveredconditionals="0" methods="1" coveredmethods="0"/>
        <line num="3" count="4" type="stmt"/>
        <line num="5" count="4" type="stmt"/>
        <line num="6" count="0" type="stmt"/>
      </file>
    </package>
    <package name="backend.routes">
      <metrics statements="43" coveredstatements="43" conditionals="0" coveredconditionals="0" methods="0" coveredmethods="0"/>
      <file name="authRoutes.ts" path="C:\Users\marsa\Documents\comp3900\comp3900_project\backend\routes\authRoutes.ts">
        <metrics statements="9" coveredstatements="9" conditionals="0" coveredconditionals="0" methods="0" coveredmethods="0"/>
        <line num="1" count="4" type="stmt"/>
        <line num="7" count="4" type="stmt"/>
        <line num="8" count="4" type="stmt"/>
        <line num="9" count="4" type="stmt"/>
        <line num="11" count="4" type="stmt"/>
        <line num="12" count="4" type="stmt"/>
        <line num="13" count="4" type="stmt"/>
        <line num="14" count="4" type="stmt"/>
        <line num="15" count="4" type="stmt"/>
      </file>
      <file name="bookingRoutes.ts" path="C:\Users\marsa\Documents\comp3900\comp3900_project\backend\routes\bookingRoutes.ts">
        <metrics statements="16" coveredstatements="16" conditionals="0" coveredconditionals="0" methods="0" coveredmethods="0"/>
        <line num="1" count="4" type="stmt"/>
        <line num="14" count="4" type="stmt"/>
        <line num="15" count="4" type="stmt"/>
        <line num="20" count="4" type="stmt"/>
        <line num="21" count="4" type="stmt"/>
        <line num="23" count="4" type="stmt"/>
        <line num="24" count="4" type="stmt"/>
        <line num="25" count="4" type="stmt"/>
        <line num="27" count="4" type="stmt"/>
        <line num="28" count="4" type="stmt"/>
        <line num="31" count="4" type="stmt"/>
        <line num="32" count="4" type="stmt"/>
        <line num="35" count="4" type="stmt"/>
        <line num="39" count="4" type="stmt"/>
        <line num="40" count="4" type="stmt"/>
        <line num="42" count="4" type="stmt"/>
      </file>
      <file name="roomRouter.ts" path="C:\Users\marsa\Documents\comp3900\comp3900_project\backend\routes\roomRouter.ts">
        <metrics statements="9" coveredstatements="9" conditionals="0" coveredconditionals="0" methods="0" coveredmethods="0"/>
        <line num="1" count="4" type="stmt"/>
        <line num="8" count="4" type="stmt"/>
        <line num="9" count="4" type="stmt"/>
        <line num="14" count="4" type="stmt"/>
        <line num="15" count="4" type="stmt"/>
        <line num="17" count="4" type="stmt"/>
        <line num="22" count="4" type="stmt"/>
        <line num="28" count="4" type="stmt"/>
        <line num="30" count="4" type="stmt"/>
      </file>
      <file name="userRoutes.ts" path="C:\Users\marsa\Documents\comp3900\comp3900_project\backend\routes\userRoutes.ts">
        <metrics statements="9" coveredstatements="9" conditionals="0" coveredconditionals="0" methods="0" coveredmethods="0"/>
        <line num="1" count="4" type="stmt"/>
        <line num="3" count="4" type="stmt"/>
        <line num="10" count="4" type="stmt"/>
        <line num="12" count="4" type="stmt"/>
        <line num="14" count="4" type="stmt"/>
        <line num="16" count="4" type="stmt"/>
        <line num="18" count="4" type="stmt"/>
        <line num="20" count="4" type="stmt"/>
        <line num="22" count="4" type="stmt"/>
      </file>
    </package>
    <package name="backend.utils">
      <metrics statements="43" coveredstatements="31" conditionals="3" coveredconditionals="3" methods="14" coveredmethods="8"/>
      <file name="checkPermissions.ts" path="C:\Users\marsa\Documents\comp3900\comp3900_project\backend\utils\checkPermissions.ts">
        <metrics statements="4" coveredstatements="4" conditionals="3" coveredconditionals="3" methods="1" coveredmethods="1"/>
        <line num="1" count="4" type="stmt"/>
        <line num="3" count="4" type="stmt"/>
        <line num="7" count="3" type="cond" truecount="3" falsecount="0"/>
        <line num="9" count="1" type="stmt"/>
      </file>
      <file name="createTokenUser.ts" path="C:\Users\marsa\Documents\comp3900\comp3900_project\backend\utils\createTokenUser.ts">
        <metrics statements="2" coveredstatements="2" conditionals="0" coveredconditionals="0" methods="1" coveredmethods="1"/>
        <line num="5" count="4" type="stmt"/>
        <line num="6" count="10" type="stmt"/>
      </file>
      <file name="index.ts" path="C:\Users\marsa\Documents\comp3900\comp3900_project\backend\utils\index.ts">
        <metrics statements="8" coveredstatements="8" conditionals="0" coveredconditionals="0" methods="5" coveredmethods="3"/>
        <line num="1" count="4" type="stmt"/>
        <line num="2" count="4" type="stmt"/>
        <line num="3" count="4" type="stmt"/>
        <line num="6" count="4" type="stmt"/>
        <line num="7" count="4" type="stmt"/>
        <line num="8" count="14" type="stmt"/>
        <line num="9" count="14" type="stmt"/>
        <line num="10" count="7" type="stmt"/>
      </file>
      <file name="jwt.ts" path="C:\Users\marsa\Documents\comp3900\comp3900_project\backend\utils\jwt.ts">
        <metrics statements="13" coveredstatements="13" conditionals="0" coveredconditionals="0" methods="3" coveredmethods="3"/>
        <line num="1" count="4" type="stmt"/>
        <line num="4" count="4" type="stmt"/>
        <line num="5" count="92" type="stmt"/>
        <line num="6" count="92" type="stmt"/>
        <line num="7" count="92" type="stmt"/>
        <line num="9" count="4" type="stmt"/>
        <line num="10" count="10" type="stmt"/>
        <line num="11" count="10" type="stmt"/>
        <line num="14" count="10" type="stmt"/>
        <line num="17" count="4" type="stmt"/>
        <line num="18" count="10" type="stmt"/>
        <line num="20" count="10" type="stmt"/>
        <line num="28" count="4" type="stmt"/>
      </file>
      <file name="sendEmail.ts" path="C:\Users\marsa\Documents\comp3900\comp3900_project\backend\utils\sendEmail.ts">
        <metrics statements="6" coveredstatements="2" conditionals="0" coveredconditionals="0" methods="2" coveredmethods="0"/>
        <line num="1" count="4" type="stmt"/>
        <line num="11" count="4" type="stmt"/>
        <line num="12" count="0" type="stmt"/>
        <line num="13" count="0" type="stmt"/>
        <line num="14" count="0" type="stmt"/>
        <line num="15" count="0" type="stmt"/>
      </file>
      <file name="sendVerificationEmail.ts" path="C:\Users\marsa\Documents\comp3900\comp3900_project\backend\utils\sendVerificationEmail.ts">
        <metrics statements="10" coveredstatements="2" conditionals="0" coveredconditionals="0" methods="2" coveredmethods="0"/>
        <line num="1" count="4" type="stmt"/>
        <line num="2" count="4" type="stmt"/>
        <line num="6" count="0" type="stmt"/>
        <line num="7" count="0" type="stmt"/>
        <line num="8" count="0" type="stmt"/>
        <line num="9" count="0" type="stmt"/>
        <line num="11" count="0" type="stmt"/>
        <line num="13" count="0" type="stmt"/>
        <line num="14" count="0" type="stmt"/>
        <line num="15" count="0" type="stmt"/>
      </file>
    </package>
  </project>
</coverage>
