{"C:\\Users\\marsa\\Documents\\comp3900\\comp3900_project\\backend\\app.ts": {"path":"C:\\Users\\marsa\\Documents\\comp3900\\comp3900_project\\backend\\app.ts","statementMap":{"0":{"start":{"line":1,"column":0},"end":{"line":1,"column":53}},"1":{"start":{"line":2,"column":0},"end":{"line":2,"column":32}},"2":{"start":{"line":3,"column":0},"end":{"line":3,"column":41}},"3":{"start":{"line":4,"column":0},"end":{"line":4,"column":24}},"4":{"start":{"line":6,"column":0},"end":{"line":6,"column":30}},"5":{"start":{"line":7,"column":0},"end":{"line":7,"column":41}},"6":{"start":{"line":8,"column":0},"end":{"line":8,"column":68}},"7":{"start":{"line":9,"column":0},"end":{"line":9,"column":50}},"8":{"start":{"line":12,"column":0},"end":{"line":12,"column":43}},"9":{"start":{"line":13,"column":0},"end":{"line":13,"column":26}},"10":{"start":{"line":14,"column":24},"end":{"line":14,"column":51}},"11":{"start":{"line":17,"column":0},"end":{"line":17,"column":49}},"12":{"start":{"line":18,"column":0},"end":{"line":18,"column":49}},"13":{"start":{"line":19,"column":0},"end":{"line":19,"column":49}},"14":{"start":{"line":20,"column":0},"end":{"line":20,"column":55}},"15":{"start":{"line":23,"column":0},"end":{"line":23,"column":58}},"16":{"start":{"line":24,"column":0},"end":{"line":24,"column":28}},"17":{"start":{"line":28,"column":0},"end":{"line":28,"column":9}},"18":{"start":{"line":30,"column":12},"end":{"line":30,"column":21}},"19":{"start":{"line":33,"column":40},"end":{"line":33,"column":51}},"20":{"start":{"line":36,"column":20},"end":{"line":40,"column":2}},"21":{"start":{"line":41,"column":0},"end":{"line":41,"column":27}},"22":{"start":{"line":43,"column":0},"end":{"line":43,"column":24}},"23":{"start":{"line":45,"column":0},"end":{"line":45,"column":34}},"24":{"start":{"line":47,"column":0},"end":{"line":47,"column":24}},"25":{"start":{"line":49,"column":0},"end":{"line":49,"column":34}},"26":{"start":{"line":52,"column":0},"end":{"line":56,"column":2}},"27":{"start":{"line":53,"column":2},"end":{"line":54,"column":null}},"28":{"start":{"line":58,"column":0},"end":{"line":58,"column":72}},"29":{"start":{"line":60,"column":0},"end":{"line":60,"column":36}},"30":{"start":{"line":61,"column":0},"end":{"line":61,"column":37}},"31":{"start":{"line":62,"column":0},"end":{"line":62,"column":61}},"32":{"start":{"line":63,"column":0},"end":{"line":63,"column":55}},"33":{"start":{"line":68,"column":0},"end":{"line":68,"column":18}},"34":{"start":{"line":70,"column":0},"end":{"line":70,"column":32}},"35":{"start":{"line":72,"column":13},"end":{"line":72,"column":25}},"36":{"start":{"line":73,"column":0},"end":{"line":73,"column":19}},"37":{"start":{"line":75,"column":0},"end":{"line":86,"column":7}},"38":{"start":{"line":76,"column":2},"end":{"line":86,"column":7}},"39":{"start":{"line":76,"column":14},"end":{"line":86,"column":4}},"40":{"start":{"line":77,"column":4},"end":{"line":85,"column":null}},"41":{"start":{"line":78,"column":6},"end":{"line":78,"column":43}},"42":{"start":{"line":79,"column":6},"end":{"line":79,"column":45}},"43":{"start":{"line":80,"column":6},"end":{"line":82,"column":8}},"44":{"start":{"line":81,"column":8},"end":{"line":81,"column":66}},"45":{"start":{"line":84,"column":6},"end":{"line":84,"column":25}}},"fnMap":{"0":{"name":"(anonymous_8)","decl":{"start":{"line":52,"column":13},"end":{"line":52,"column":14}},"loc":{"start":{"line":53,"column":2},"end":{"line":54,"column":null}}},"1":{"name":"(anonymous_9)","decl":{"start":{"line":76,"column":3},"end":{"line":76,"column":12}},"loc":{"start":{"line":76,"column":14},"end":{"line":86,"column":4}}},"2":{"name":"(anonymous_10)","decl":{"start":{"line":76,"column":14},"end":{"line":76,"column":null}},"loc":{"start":{"line":76,"column":14},"end":{"line":86,"column":3}}},"3":{"name":"(anonymous_11)","decl":{"start":{"line":80,"column":23},"end":{"line":80,"column":26}},"loc":{"start":{"line":81,"column":8},"end":{"line":81,"column":66}}}},"branchMap":{"0":{"loc":{"start":{"line":72,"column":13},"end":{"line":72,"column":25}},"type":"binary-expr","locations":[{"start":{"line":72,"column":13},"end":{"line":72,"column":17}},{"start":{"line":72,"column":21},"end":{"line":72,"column":25}}]},"1":{"loc":{"start":{"line":75,"column":0},"end":{"line":86,"column":7}},"type":"if","locations":[{"start":{"line":75,"column":0},"end":{"line":86,"column":7}}]}},"s":{"0":4,"1":4,"2":4,"3":4,"4":4,"5":4,"6":4,"7":4,"8":4,"9":4,"10":4,"11":4,"12":4,"13":4,"14":4,"15":4,"16":4,"17":4,"18":4,"19":4,"20":4,"21":4,"22":4,"23":4,"24":4,"25":4,"26":4,"27":0,"28":4,"29":4,"30":4,"31":4,"32":4,"33":4,"34":4,"35":4,"36":4,"37":4,"38":0,"39":0,"40":0,"41":0,"42":0,"43":0,"44":0,"45":0},"f":{"0":0,"1":0,"2":0,"3":0},"b":{"0":[4,4],"1":[0]}}
,"C:\\Users\\marsa\\Documents\\comp3900\\comp3900_project\\backend\\controllers\\authController.ts": {"path":"C:\\Users\\marsa\\Documents\\comp3900\\comp3900_project\\backend\\controllers\\authController.ts","statementMap":{"0":{"start":{"line":1,"column":0},"end":{"line":1,"column":48}},"1":{"start":{"line":2,"column":0},"end":{"line":2,"column":38}},"2":{"start":{"line":3,"column":0},"end":{"line":3,"column":null}},"3":{"start":{"line":8,"column":0},"end":{"line":8,"column":51}},"4":{"start":{"line":10,"column":0},"end":{"line":10,"column":43}},"5":{"start":{"line":11,"column":0},"end":{"line":11,"column":71}},"6":{"start":{"line":13,"column":0},"end":{"line":13,"column":37}},"7":{"start":{"line":15,"column":17},"end":{"line":38,"column":2}},"8":{"start":{"line":18,"column":4},"end":{"line":38,"column":2}},"9":{"start":{"line":19,"column":21},"end":{"line":19,"column":50}},"10":{"start":{"line":20,"column":2},"end":{"line":21,"column":73}},"11":{"start":{"line":21,"column":4},"end":{"line":21,"column":73}},"12":{"start":{"line":23,"column":2},"end":{"line":24,"column":62}},"13":{"start":{"line":24,"column":4},"end":{"line":24,"column":62}},"14":{"start":{"line":26,"column":2},"end":{"line":26,"column":69}},"15":{"start":{"line":26,"column":17},"end":{"line":26,"column":69}},"16":{"start":{"line":28,"column":28},"end":{"line":28,"column":59}},"17":{"start":{"line":30,"column":2},"end":{"line":30,"column":51}},"18":{"start":{"line":31,"column":2},"end":{"line":31,"column":33}},"19":{"start":{"line":33,"column":2},"end":{"line":33,"column":26}},"20":{"start":{"line":34,"column":2},"end":{"line":34,"column":73}},"21":{"start":{"line":35,"column":2},"end":{"line":37,"column":5}},"22":{"start":{"line":93,"column":37},"end":{"line":93,"column":45}},"23":{"start":{"line":44,"column":14},"end":{"line":68,"column":2}},"24":{"start":{"line":47,"column":4},"end":{"line":68,"column":2}},"25":{"start":{"line":48,"column":2},"end":{"line":49,"column":74}},"26":{"start":{"line":49,"column":4},"end":{"line":49,"column":74}},"27":{"start":{"line":50,"column":15},"end":{"line":50,"column":44}},"28":{"start":{"line":52,"column":2},"end":{"line":52,"column":67}},"29":{"start":{"line":52,"column":13},"end":{"line":52,"column":67}},"30":{"start":{"line":54,"column":2},"end":{"line":61,"column":null}},"31":{"start":{"line":55,"column":4},"end":{"line":56,"column":64}},"32":{"start":{"line":56,"column":6},"end":{"line":56,"column":64}},"33":{"start":{"line":58,"column":28},"end":{"line":58,"column":64}},"34":{"start":{"line":59,"column":4},"end":{"line":60,"column":63}},"35":{"start":{"line":60,"column":6},"end":{"line":60,"column":63}},"36":{"start":{"line":63,"column":20},"end":{"line":63,"column":41}},"37":{"start":{"line":65,"column":2},"end":{"line":65,"column":42}},"38":{"start":{"line":67,"column":2},"end":{"line":67,"column":55}},"39":{"start":{"line":93,"column":9},"end":{"line":93,"column":14}},"40":{"start":{"line":70,"column":15},"end":{"line":76,"column":2}},"41":{"start":{"line":70,"column":53},"end":{"line":76,"column":2}},"42":{"start":{"line":71,"column":2},"end":{"line":74,"column":5}},"43":{"start":{"line":75,"column":2},"end":{"line":75,"column":64}},"44":{"start":{"line":93,"column":16},"end":{"line":93,"column":22}},"45":{"start":{"line":77,"column":20},"end":{"line":92,"column":2}},"46":{"start":{"line":82,"column":4},"end":{"line":92,"column":2}},"47":{"start":{"line":83,"column":15},"end":{"line":83,"column":44}},"48":{"start":{"line":84,"column":2},"end":{"line":84,"column":67}},"49":{"start":{"line":84,"column":13},"end":{"line":84,"column":67}},"50":{"start":{"line":85,"column":2},"end":{"line":86,"column":68}},"51":{"start":{"line":86,"column":4},"end":{"line":86,"column":68}},"52":{"start":{"line":87,"column":2},"end":{"line":87,"column":25}},"53":{"start":{"line":89,"column":2},"end":{"line":89,"column":30}},"54":{"start":{"line":90,"column":2},"end":{"line":90,"column":20}},"55":{"start":{"line":91,"column":2},"end":{"line":91,"column":61}},"56":{"start":{"line":93,"column":24},"end":{"line":93,"column":35}}},"fnMap":{"0":{"name":"(anonymous_7)","decl":{"start":{"line":15,"column":17},"end":{"line":15,"column":null}},"loc":{"start":{"line":18,"column":4},"end":{"line":38,"column":2}}},"1":{"name":"(anonymous_8)","decl":{"start":{"line":18,"column":4},"end":{"line":18,"column":null}},"loc":{"start":{"line":18,"column":4},"end":{"line":38,"column":1}}},"2":{"name":"(anonymous_9)","decl":{"start":{"line":44,"column":14},"end":{"line":44,"column":null}},"loc":{"start":{"line":47,"column":4},"end":{"line":68,"column":2}}},"3":{"name":"(anonymous_10)","decl":{"start":{"line":47,"column":4},"end":{"line":47,"column":null}},"loc":{"start":{"line":47,"column":4},"end":{"line":68,"column":1}}},"4":{"name":"(anonymous_11)","decl":{"start":{"line":70,"column":15},"end":{"line":70,"column":22}},"loc":{"start":{"line":70,"column":53},"end":{"line":76,"column":2}}},"5":{"name":"(anonymous_12)","decl":{"start":{"line":70,"column":53},"end":{"line":70,"column":null}},"loc":{"start":{"line":70,"column":53},"end":{"line":76,"column":1}}},"6":{"name":"(anonymous_13)","decl":{"start":{"line":77,"column":20},"end":{"line":77,"column":null}},"loc":{"start":{"line":82,"column":4},"end":{"line":92,"column":2}}},"7":{"name":"(anonymous_14)","decl":{"start":{"line":82,"column":4},"end":{"line":82,"column":null}},"loc":{"start":{"line":82,"column":4},"end":{"line":92,"column":1}}}},"branchMap":{"0":{"loc":{"start":{"line":20,"column":2},"end":{"line":21,"column":73}},"type":"if","locations":[{"start":{"line":20,"column":2},"end":{"line":21,"column":73}}]},"1":{"loc":{"start":{"line":23,"column":2},"end":{"line":24,"column":62}},"type":"if","locations":[{"start":{"line":23,"column":2},"end":{"line":24,"column":62}}]},"2":{"loc":{"start":{"line":26,"column":2},"end":{"line":26,"column":69}},"type":"if","locations":[{"start":{"line":26,"column":2},"end":{"line":26,"column":69}}]},"3":{"loc":{"start":{"line":48,"column":2},"end":{"line":49,"column":74}},"type":"if","locations":[{"start":{"line":48,"column":2},"end":{"line":49,"column":74}}]},"4":{"loc":{"start":{"line":52,"column":2},"end":{"line":52,"column":67}},"type":"if","locations":[{"start":{"line":52,"column":2},"end":{"line":52,"column":67}}]},"5":{"loc":{"start":{"line":54,"column":2},"end":{"line":61,"column":null}},"type":"if","locations":[{"start":{"line":54,"column":2},"end":{"line":61,"column":null}}]},"6":{"loc":{"start":{"line":55,"column":4},"end":{"line":56,"column":64}},"type":"if","locations":[{"start":{"line":55,"column":4},"end":{"line":56,"column":64}}]},"7":{"loc":{"start":{"line":59,"column":4},"end":{"line":60,"column":63}},"type":"if","locations":[{"start":{"line":59,"column":4},"end":{"line":60,"column":63}}]},"8":{"loc":{"start":{"line":84,"column":2},"end":{"line":84,"column":67}},"type":"if","locations":[{"start":{"line":84,"column":2},"end":{"line":84,"column":67}}]},"9":{"loc":{"start":{"line":85,"column":2},"end":{"line":86,"column":68}},"type":"if","locations":[{"start":{"line":85,"column":2},"end":{"line":86,"column":68}}]}},"s":{"0":4,"1":4,"2":4,"3":4,"4":4,"5":4,"6":4,"7":4,"8":0,"9":0,"10":0,"11":0,"12":0,"13":0,"14":0,"15":0,"16":0,"17":0,"18":0,"19":0,"20":0,"21":0,"22":4,"23":4,"24":10,"25":10,"26":1,"27":9,"28":9,"29":1,"30":8,"31":0,"32":0,"33":0,"34":0,"35":0,"36":8,"37":8,"38":8,"39":4,"40":4,"41":1,"42":1,"43":1,"44":4,"45":4,"46":0,"47":0,"48":0,"49":0,"50":0,"51":0,"52":0,"53":0,"54":0,"55":0,"56":4},"f":{"0":0,"1":0,"2":10,"3":10,"4":1,"5":1,"6":0,"7":0},"b":{"0":[0],"1":[0],"2":[0],"3":[1],"4":[1],"5":[0],"6":[0],"7":[0],"8":[0],"9":[0]}}
,"C:\\Users\\marsa\\Documents\\comp3900\\comp3900_project\\backend\\controllers\\bookingController.ts": {"path":"C:\\Users\\marsa\\Documents\\comp3900\\comp3900_project\\backend\\controllers\\bookingController.ts","statementMap":{"0":{"start":{"line":2,"column":0},"end":{"line":2,"column":48}},"1":{"start":{"line":3,"column":0},"end":{"line":3,"column":null}},"2":{"start":{"line":9,"column":0},"end":{"line":9,"column":38}},"3":{"start":{"line":10,"column":0},"end":{"line":10,"column":44}},"4":{"start":{"line":11,"column":0},"end":{"line":11,"column":38}},"5":{"start":{"line":12,"column":0},"end":{"line":12,"column":44}},"6":{"start":{"line":18,"column":0},"end":{"line":18,"column":28}},"7":{"start":{"line":24,"column":0},"end":{"line":24,"column":71}},"8":{"start":{"line":25,"column":0},"end":{"line":25,"column":81}},"9":{"start":{"line":26,"column":0},"end":{"line":26,"column":87}},"10":{"start":{"line":27,"column":0},"end":{"line":27,"column":61}},"11":{"start":{"line":28,"column":0},"end":{"line":28,"column":73}},"12":{"start":{"line":46,"column":22},"end":{"line":144,"column":2}},"13":{"start":{"line":52,"column":4},"end":{"line":144,"column":2}},"14":{"start":{"line":53,"column":2},"end":{"line":56,"column":6}},"15":{"start":{"line":54,"column":4},"end":{"line":56,"column":6}},"16":{"start":{"line":58,"column":2},"end":{"line":63,"column":null}},"17":{"start":{"line":59,"column":4},"end":{"line":59,"column":44}},"18":{"start":{"line":60,"column":4},"end":{"line":60,"column":79}},"19":{"start":{"line":60,"column":21},"end":{"line":60,"column":79}},"20":{"start":{"line":61,"column":4},"end":{"line":62,"column":79}},"21":{"start":{"line":62,"column":6},"end":{"line":62,"column":79}},"22":{"start":{"line":68,"column":21},"end":{"line":68,"column":48}},"23":{"start":{"line":70,"column":2},"end":{"line":70,"column":75}},"24":{"start":{"line":70,"column":19},"end":{"line":70,"column":75}},"25":{"start":{"line":74,"column":14},"end":{"line":74,"column":50}},"26":{"start":{"line":77,"column":21},"end":{"line":100,"column":4}},"27":{"start":{"line":101,"column":2},"end":{"line":101,"column":26}},"28":{"start":{"line":102,"column":2},"end":{"line":105,"column":6}},"29":{"start":{"line":103,"column":4},"end":{"line":105,"column":6}},"30":{"start":{"line":108,"column":18},"end":{"line":117,"column":4}},"31":{"start":{"line":120,"column":27},"end":{"line":120,"column":55}},"32":{"start":{"line":123,"column":2},"end":{"line":129,"column":null}},"33":{"start":{"line":131,"column":2},"end":{"line":143,"column":54}},"34":{"start":{"line":143,"column":4},"end":{"line":143,"column":54}},"35":{"start":{"line":360,"column":2},"end":{"line":360,"column":15}},"36":{"start":{"line":146,"column":31},"end":{"line":172,"column":2}},"37":{"start":{"line":149,"column":4},"end":{"line":172,"column":2}},"38":{"start":{"line":151,"column":2},"end":{"line":160,"column":24}},"39":{"start":{"line":152,"column":4},"end":{"line":159,"column":6}},"40":{"start":{"line":160,"column":7},"end":{"line":160,"column":24}},"41":{"start":{"line":162,"column":2},"end":{"line":162,"column":28}},"42":{"start":{"line":163,"column":2},"end":{"line":163,"column":57}},"43":{"start":{"line":163,"column":12},"end":{"line":163,"column":57}},"44":{"start":{"line":164,"column":19},"end":{"line":169,"column":27}},"45":{"start":{"line":171,"column":2},"end":{"line":171,"column":72}},"46":{"start":{"line":364,"column":2},"end":{"line":364,"column":24}},"47":{"start":{"line":174,"column":23},"end":{"line":196,"column":2}},"48":{"start":{"line":177,"column":4},"end":{"line":196,"column":2}},"49":{"start":{"line":178,"column":18},"end":{"line":178,"column":51}},"50":{"start":{"line":179,"column":2},"end":{"line":180,"column":74}},"51":{"start":{"line":180,"column":4},"end":{"line":180,"column":74}},"52":{"start":{"line":182,"column":2},"end":{"line":185,"column":6}},"53":{"start":{"line":183,"column":4},"end":{"line":185,"column":6}},"54":{"start":{"line":187,"column":26},"end":{"line":193,"column":null}},"55":{"start":{"line":195,"column":2},"end":{"line":195,"column":54}},"56":{"start":{"line":367,"column":2},"end":{"line":367,"column":16}},"57":{"start":{"line":197,"column":24},"end":{"line":224,"column":2}},"58":{"start":{"line":200,"column":4},"end":{"line":224,"column":2}},"59":{"start":{"line":201,"column":18},"end":{"line":201,"column":51}},"60":{"start":{"line":202,"column":2},"end":{"line":203,"column":74}},"61":{"start":{"line":203,"column":4},"end":{"line":203,"column":74}},"62":{"start":{"line":205,"column":2},"end":{"line":208,"column":6}},"63":{"start":{"line":206,"column":4},"end":{"line":208,"column":6}},"64":{"start":{"line":210,"column":26},"end":{"line":216,"column":null}},"65":{"start":{"line":219,"column":27},"end":{"line":219,"column":67}},"66":{"start":{"line":223,"column":2},"end":{"line":223,"column":54}},"67":{"start":{"line":366,"column":2},"end":{"line":366,"column":17}},"68":{"start":{"line":225,"column":23},"end":{"line":264,"column":2}},"69":{"start":{"line":228,"column":4},"end":{"line":264,"column":2}},"70":{"start":{"line":230,"column":2},"end":{"line":241,"column":null}},"71":{"start":{"line":231,"column":4},"end":{"line":238,"column":6}},"72":{"start":{"line":240,"column":4},"end":{"line":240,"column":21}},"73":{"start":{"line":242,"column":2},"end":{"line":242,"column":27}},"74":{"start":{"line":247,"column":2},"end":{"line":247,"column":57}},"75":{"start":{"line":247,"column":12},"end":{"line":247,"column":57}},"76":{"start":{"line":252,"column":19},"end":{"line":261,"column":27}},"77":{"start":{"line":263,"column":2},"end":{"line":263,"column":72}},"78":{"start":{"line":361,"column":2},"end":{"line":361,"column":16}},"79":{"start":{"line":265,"column":25},"end":{"line":275,"column":2}},"80":{"start":{"line":268,"column":4},"end":{"line":275,"column":2}},"81":{"start":{"line":269,"column":18},"end":{"line":269,"column":59}},"82":{"start":{"line":271,"column":2},"end":{"line":272,"column":71}},"83":{"start":{"line":272,"column":4},"end":{"line":272,"column":71}},"84":{"start":{"line":274,"column":2},"end":{"line":274,"column":47}},"85":{"start":{"line":362,"column":2},"end":{"line":362,"column":18}},"86":{"start":{"line":277,"column":22},"end":{"line":288,"column":2}},"87":{"start":{"line":280,"column":4},"end":{"line":288,"column":2}},"88":{"start":{"line":281,"column":26},"end":{"line":281,"column":59}},"89":{"start":{"line":282,"column":2},"end":{"line":283,"column":65}},"90":{"start":{"line":283,"column":4},"end":{"line":283,"column":65}},"91":{"start":{"line":284,"column":2},"end":{"line":284,"column":58}},"92":{"start":{"line":286,"column":2},"end":{"line":286,"column":36}},"93":{"start":{"line":287,"column":2},"end":{"line":287,"column":66}},"94":{"start":{"line":363,"column":2},"end":{"line":363,"column":15}},"95":{"start":{"line":290,"column":35},"end":{"line":313,"column":2}},"96":{"start":{"line":294,"column":4},"end":{"line":313,"column":2}},"97":{"start":{"line":295,"column":18},"end":{"line":295,"column":51}},"98":{"start":{"line":296,"column":2},"end":{"line":296,"column":77}},"99":{"start":{"line":296,"column":16},"end":{"line":296,"column":77}},"100":{"start":{"line":298,"column":2},"end":{"line":299,"column":71}},"101":{"start":{"line":299,"column":4},"end":{"line":299,"column":71}},"102":{"start":{"line":301,"column":2},"end":{"line":304,"column":6}},"103":{"start":{"line":302,"column":4},"end":{"line":304,"column":6}},"104":{"start":{"line":306,"column":2},"end":{"line":306,"column":33}},"105":{"start":{"line":307,"column":2},"end":{"line":307,"column":23}},"106":{"start":{"line":308,"column":2},"end":{"line":312,"column":5}},"107":{"start":{"line":315,"column":30},"end":{"line":316,"column":51}},"108":{"start":{"line":315,"column":68},"end":{"line":316,"column":51}},"109":{"start":{"line":316,"column":2},"end":{"line":316,"column":51}},"110":{"start":{"line":368,"column":2},"end":{"line":368,"column":23}},"111":{"start":{"line":318,"column":27},"end":{"line":319,"column":52}},"112":{"start":{"line":318,"column":65},"end":{"line":319,"column":52}},"113":{"start":{"line":319,"column":2},"end":{"line":319,"column":52}},"114":{"start":{"line":369,"column":2},"end":{"line":369,"column":20}},"115":{"start":{"line":321,"column":21},"end":{"line":330,"column":2}},"116":{"start":{"line":324,"column":4},"end":{"line":330,"column":2}},"117":{"start":{"line":327,"column":2},"end":{"line":329,"column":59}},"118":{"start":{"line":365,"column":2},"end":{"line":365,"column":14}},"119":{"start":{"line":332,"column":23},"end":{"line":357,"column":2}},"120":{"start":{"line":335,"column":4},"end":{"line":357,"column":2}},"121":{"start":{"line":337,"column":23},"end":{"line":337,"column":66}},"122":{"start":{"line":339,"column":34},"end":{"line":341,"column":null}},"123":{"start":{"line":344,"column":20},"end":{"line":344,"column":53}},"124":{"start":{"line":346,"column":25},"end":{"line":346,"column":64}},"125":{"start":{"line":349,"column":26},"end":{"line":349,"column":64}},"126":{"start":{"line":350,"column":2},"end":{"line":356,"column":5}},"127":{"start":{"line":359,"column":2},"end":{"line":359,"column":16}}},"fnMap":{"0":{"name":"(anonymous_8)","decl":{"start":{"line":46,"column":22},"end":{"line":46,"column":null}},"loc":{"start":{"line":52,"column":4},"end":{"line":144,"column":2}}},"1":{"name":"(anonymous_9)","decl":{"start":{"line":52,"column":4},"end":{"line":52,"column":null}},"loc":{"start":{"line":52,"column":4},"end":{"line":144,"column":1}}},"2":{"name":"(anonymous_10)","decl":{"start":{"line":146,"column":31},"end":{"line":146,"column":null}},"loc":{"start":{"line":149,"column":4},"end":{"line":172,"column":2}}},"3":{"name":"(anonymous_11)","decl":{"start":{"line":149,"column":4},"end":{"line":149,"column":null}},"loc":{"start":{"line":149,"column":4},"end":{"line":172,"column":1}}},"4":{"name":"(anonymous_12)","decl":{"start":{"line":174,"column":23},"end":{"line":174,"column":null}},"loc":{"start":{"line":177,"column":4},"end":{"line":196,"column":2}}},"5":{"name":"(anonymous_13)","decl":{"start":{"line":177,"column":4},"end":{"line":177,"column":null}},"loc":{"start":{"line":177,"column":4},"end":{"line":196,"column":1}}},"6":{"name":"(anonymous_14)","decl":{"start":{"line":197,"column":24},"end":{"line":197,"column":null}},"loc":{"start":{"line":200,"column":4},"end":{"line":224,"column":2}}},"7":{"name":"(anonymous_15)","decl":{"start":{"line":200,"column":4},"end":{"line":200,"column":null}},"loc":{"start":{"line":200,"column":4},"end":{"line":224,"column":1}}},"8":{"name":"(anonymous_16)","decl":{"start":{"line":225,"column":23},"end":{"line":225,"column":null}},"loc":{"start":{"line":228,"column":4},"end":{"line":264,"column":2}}},"9":{"name":"(anonymous_17)","decl":{"start":{"line":228,"column":4},"end":{"line":228,"column":null}},"loc":{"start":{"line":228,"column":4},"end":{"line":264,"column":1}}},"10":{"name":"(anonymous_18)","decl":{"start":{"line":265,"column":25},"end":{"line":265,"column":null}},"loc":{"start":{"line":268,"column":4},"end":{"line":275,"column":2}}},"11":{"name":"(anonymous_19)","decl":{"start":{"line":268,"column":4},"end":{"line":268,"column":null}},"loc":{"start":{"line":268,"column":4},"end":{"line":275,"column":1}}},"12":{"name":"(anonymous_20)","decl":{"start":{"line":277,"column":22},"end":{"line":277,"column":null}},"loc":{"start":{"line":280,"column":4},"end":{"line":288,"column":2}}},"13":{"name":"(anonymous_21)","decl":{"start":{"line":280,"column":4},"end":{"line":280,"column":null}},"loc":{"start":{"line":280,"column":4},"end":{"line":288,"column":1}}},"14":{"name":"(anonymous_22)","decl":{"start":{"line":290,"column":35},"end":{"line":290,"column":null}},"loc":{"start":{"line":294,"column":4},"end":{"line":313,"column":2}}},"15":{"name":"(anonymous_23)","decl":{"start":{"line":294,"column":4},"end":{"line":294,"column":null}},"loc":{"start":{"line":294,"column":4},"end":{"line":313,"column":1}}},"16":{"name":"(anonymous_24)","decl":{"start":{"line":315,"column":30},"end":{"line":315,"column":37}},"loc":{"start":{"line":315,"column":68},"end":{"line":316,"column":51}}},"17":{"name":"(anonymous_25)","decl":{"start":{"line":315,"column":68},"end":{"line":315,"column":null}},"loc":{"start":{"line":315,"column":68},"end":{"line":316,"column":51}}},"18":{"name":"(anonymous_26)","decl":{"start":{"line":318,"column":27},"end":{"line":318,"column":34}},"loc":{"start":{"line":318,"column":65},"end":{"line":319,"column":52}}},"19":{"name":"(anonymous_27)","decl":{"start":{"line":318,"column":65},"end":{"line":318,"column":null}},"loc":{"start":{"line":318,"column":65},"end":{"line":319,"column":52}}},"20":{"name":"(anonymous_28)","decl":{"start":{"line":321,"column":21},"end":{"line":321,"column":null}},"loc":{"start":{"line":324,"column":4},"end":{"line":330,"column":2}}},"21":{"name":"(anonymous_29)","decl":{"start":{"line":324,"column":4},"end":{"line":324,"column":null}},"loc":{"start":{"line":324,"column":4},"end":{"line":330,"column":1}}},"22":{"name":"(anonymous_30)","decl":{"start":{"line":332,"column":23},"end":{"line":332,"column":null}},"loc":{"start":{"line":335,"column":4},"end":{"line":357,"column":2}}},"23":{"name":"(anonymous_31)","decl":{"start":{"line":335,"column":4},"end":{"line":335,"column":null}},"loc":{"start":{"line":335,"column":4},"end":{"line":357,"column":1}}}},"branchMap":{"0":{"loc":{"start":{"line":53,"column":2},"end":{"line":56,"column":6}},"type":"if","locations":[{"start":{"line":53,"column":2},"end":{"line":56,"column":6}}]},"1":{"loc":{"start":{"line":53,"column":6},"end":{"line":53,"column":30}},"type":"binary-expr","locations":[{"start":{"line":53,"column":6},"end":{"line":53,"column":10}},{"start":{"line":53,"column":14},"end":{"line":53,"column":30}}]},"2":{"loc":{"start":{"line":58,"column":2},"end":{"line":63,"column":null}},"type":"if","locations":[{"start":{"line":58,"column":2},"end":{"line":63,"column":null}}]},"3":{"loc":{"start":{"line":60,"column":4},"end":{"line":60,"column":79}},"type":"if","locations":[{"start":{"line":60,"column":4},"end":{"line":60,"column":79}}]},"4":{"loc":{"start":{"line":61,"column":4},"end":{"line":62,"column":79}},"type":"if","locations":[{"start":{"line":61,"column":4},"end":{"line":62,"column":79}}]},"5":{"loc":{"start":{"line":70,"column":2},"end":{"line":70,"column":75}},"type":"if","locations":[{"start":{"line":70,"column":2},"end":{"line":70,"column":75}}]},"6":{"loc":{"start":{"line":89,"column":14},"end":{"line":91,"column":64}},"type":"cond-expr","locations":[{"start":{"line":90,"column":14},"end":{"line":90,"column":32}},{"start":{"line":91,"column":14},"end":{"line":91,"column":64}}]},"7":{"loc":{"start":{"line":91,"column":23},"end":{"line":91,"column":43}},"type":"cond-expr","locations":[{"start":{"line":91,"column":30},"end":{"line":91,"column":34}},{"start":{"line":91,"column":37},"end":{"line":91,"column":43}}]},"8":{"loc":{"start":{"line":102,"column":2},"end":{"line":105,"column":6}},"type":"if","locations":[{"start":{"line":102,"column":2},"end":{"line":105,"column":6}}]},"9":{"loc":{"start":{"line":112,"column":10},"end":{"line":112,"column":30}},"type":"cond-expr","locations":[{"start":{"line":112,"column":17},"end":{"line":112,"column":21}},{"start":{"line":112,"column":24},"end":{"line":112,"column":30}}]},"10":{"loc":{"start":{"line":123,"column":2},"end":{"line":129,"column":null}},"type":"if","locations":[{"start":{"line":123,"column":2},"end":{"line":129,"column":null}}]},"11":{"loc":{"start":{"line":124,"column":4},"end":{"line":125,"column":51}},"type":"binary-expr","locations":[{"start":{"line":124,"column":4},"end":{"line":124,"column":38}},{"start":{"line":125,"column":5},"end":{"line":125,"column":25}},{"start":{"line":125,"column":29},"end":{"line":125,"column":50}}]},"12":{"loc":{"start":{"line":131,"column":2},"end":{"line":143,"column":54}},"type":"if","locations":[{"start":{"line":131,"column":2},"end":{"line":143,"column":54}}]},"13":{"loc":{"start":{"line":151,"column":2},"end":{"line":160,"column":24}},"type":"if","locations":[{"start":{"line":151,"column":2},"end":{"line":160,"column":24}},{"start":{"line":160,"column":7},"end":{"line":160,"column":24}}]},"14":{"loc":{"start":{"line":151,"column":6},"end":{"line":151,"column":12}},"type":"binary-expr","locations":[{"start":{"line":151,"column":6},"end":{"line":151,"column":7}},{"start":{"line":151,"column":11},"end":{"line":151,"column":12}}]},"15":{"loc":{"start":{"line":163,"column":2},"end":{"line":163,"column":57}},"type":"if","locations":[{"start":{"line":163,"column":2},"end":{"line":163,"column":57}}]},"16":{"loc":{"start":{"line":169,"column":10},"end":{"line":169,"column":26}},"type":"binary-expr","locations":[{"start":{"line":169,"column":10},"end":{"line":169,"column":14}},{"start":{"line":169,"column":18},"end":{"line":169,"column":26}}]},"17":{"loc":{"start":{"line":179,"column":2},"end":{"line":180,"column":74}},"type":"if","locations":[{"start":{"line":179,"column":2},"end":{"line":180,"column":74}}]},"18":{"loc":{"start":{"line":182,"column":2},"end":{"line":185,"column":6}},"type":"if","locations":[{"start":{"line":182,"column":2},"end":{"line":185,"column":6}}]},"19":{"loc":{"start":{"line":202,"column":2},"end":{"line":203,"column":74}},"type":"if","locations":[{"start":{"line":202,"column":2},"end":{"line":203,"column":74}}]},"20":{"loc":{"start":{"line":205,"column":2},"end":{"line":208,"column":6}},"type":"if","locations":[{"start":{"line":205,"column":2},"end":{"line":208,"column":6}}]},"21":{"loc":{"start":{"line":230,"column":2},"end":{"line":241,"column":null}},"type":"if","locations":[{"start":{"line":230,"column":2},"end":{"line":241,"column":null}},{"start":{"line":239,"column":7},"end":{"line":241,"column":null}}]},"22":{"loc":{"start":{"line":230,"column":6},"end":{"line":230,"column":12}},"type":"binary-expr","locations":[{"start":{"line":230,"column":6},"end":{"line":230,"column":7}},{"start":{"line":230,"column":11},"end":{"line":230,"column":12}}]},"23":{"loc":{"start":{"line":247,"column":2},"end":{"line":247,"column":57}},"type":"if","locations":[{"start":{"line":247,"column":2},"end":{"line":247,"column":57}}]},"24":{"loc":{"start":{"line":261,"column":10},"end":{"line":261,"column":26}},"type":"binary-expr","locations":[{"start":{"line":261,"column":10},"end":{"line":261,"column":14}},{"start":{"line":261,"column":18},"end":{"line":261,"column":26}}]},"25":{"loc":{"start":{"line":271,"column":2},"end":{"line":272,"column":71}},"type":"if","locations":[{"start":{"line":271,"column":2},"end":{"line":272,"column":71}}]},"26":{"loc":{"start":{"line":282,"column":2},"end":{"line":283,"column":65}},"type":"if","locations":[{"start":{"line":282,"column":2},"end":{"line":283,"column":65}}]},"27":{"loc":{"start":{"line":296,"column":2},"end":{"line":296,"column":77}},"type":"if","locations":[{"start":{"line":296,"column":2},"end":{"line":296,"column":77}}]},"28":{"loc":{"start":{"line":298,"column":2},"end":{"line":299,"column":71}},"type":"if","locations":[{"start":{"line":298,"column":2},"end":{"line":299,"column":71}}]},"29":{"loc":{"start":{"line":301,"column":2},"end":{"line":304,"column":6}},"type":"if","locations":[{"start":{"line":301,"column":2},"end":{"line":304,"column":6}}]},"30":{"loc":{"start":{"line":310,"column":6},"end":{"line":310,"column":null}},"type":"cond-expr","locations":[{"start":{"line":310,"column":18},"end":{"line":310,"column":28}},{"start":{"line":310,"column":31},"end":{"line":310,"column":null}}]}},"s":{"0":4,"1":4,"2":4,"3":4,"4":4,"5":4,"6":4,"7":4,"8":4,"9":4,"10":4,"11":4,"12":4,"13":30,"14":30,"15":1,"16":29,"17":3,"18":3,"19":1,"20":2,"21":1,"22":27,"23":27,"24":1,"25":26,"26":26,"27":26,"28":26,"29":2,"30":24,"31":24,"32":24,"33":24,"34":24,"35":4,"36":4,"37":3,"38":3,"39":0,"40":3,"41":3,"42":3,"43":0,"44":3,"45":3,"46":4,"47":4,"48":2,"49":2,"50":2,"51":0,"52":2,"53":1,"54":1,"55":1,"56":4,"57":4,"58":2,"59":2,"60":2,"61":0,"62":2,"63":1,"64":1,"65":1,"66":1,"67":4,"68":4,"69":9,"70":9,"71":0,"72":9,"73":9,"74":9,"75":0,"76":9,"77":9,"78":4,"79":4,"80":9,"81":9,"82":8,"83":1,"84":7,"85":4,"86":4,"87":3,"88":3,"89":3,"90":0,"91":3,"92":2,"93":2,"94":4,"95":4,"96":7,"97":7,"98":7,"99":0,"100":7,"101":2,"102":5,"103":2,"104":3,"105":3,"106":3,"107":4,"108":3,"109":3,"110":4,"111":4,"112":4,"113":4,"114":4,"115":4,"116":0,"117":0,"118":4,"119":4,"120":0,"121":0,"122":0,"123":0,"124":0,"125":0,"126":0,"127":4},"f":{"0":30,"1":30,"2":3,"3":3,"4":2,"5":2,"6":2,"7":2,"8":9,"9":9,"10":9,"11":9,"12":3,"13":3,"14":7,"15":7,"16":3,"17":3,"18":4,"19":4,"20":0,"21":0,"22":0,"23":0},"b":{"0":[1],"1":[30,4],"2":[3],"3":[1],"4":[1],"5":[1],"6":[17,9],"7":[1,8],"8":[2],"9":[1,23],"10":[0],"11":[24,19,19],"12":[24],"13":[0,3],"14":[3,0],"15":[0],"16":[3,3],"17":[0],"18":[1],"19":[0],"20":[1],"21":[0,9],"22":[9,0],"23":[0],"24":[9,9],"25":[1],"26":[0],"27":[0],"28":[2],"29":[2],"30":[1,2]}}
,"C:\\Users\\marsa\\Documents\\comp3900\\comp3900_project\\backend\\controllers\\reviewController.ts": {"path":"C:\\Users\\marsa\\Documents\\comp3900\\comp3900_project\\backend\\controllers\\reviewController.ts","statementMap":{"0":{"start":{"line":2,"column":0},"end":{"line":2,"column":42}},"1":{"start":{"line":3,"column":0},"end":{"line":3,"column":48}},"2":{"start":{"line":4,"column":0},"end":{"line":4,"column":44}},"3":{"start":{"line":5,"column":0},"end":{"line":5,"column":44}},"4":{"start":{"line":6,"column":0},"end":{"line":6,"column":44}},"5":{"start":{"line":8,"column":21},"end":{"line":34,"column":2}},"6":{"start":{"line":11,"column":4},"end":{"line":34,"column":2}},"7":{"start":{"line":12,"column":33},"end":{"line":12,"column":37}},"8":{"start":{"line":14,"column":25},"end":{"line":14,"column":58}},"9":{"start":{"line":16,"column":2},"end":{"line":17,"column":66}},"10":{"start":{"line":17,"column":4},"end":{"line":17,"column":66}},"11":{"start":{"line":20,"column":29},"end":{"line":23,"column":4}},"12":{"start":{"line":24,"column":2},"end":{"line":27,"column":6}},"13":{"start":{"line":25,"column":4},"end":{"line":27,"column":6}},"14":{"start":{"line":29,"column":17},"end":{"line":31,"column":null}},"15":{"start":{"line":33,"column":2},"end":{"line":33,"column":46}},"16":{"start":{"line":99,"column":2},"end":{"line":99,"column":14}},"17":{"start":{"line":35,"column":22},"end":{"line":43,"column":2}},"18":{"start":{"line":35,"column":60},"end":{"line":43,"column":2}},"19":{"start":{"line":36,"column":18},"end":{"line":41,"column":53}},"20":{"start":{"line":42,"column":2},"end":{"line":42,"column":70}},"21":{"start":{"line":100,"column":2},"end":{"line":100,"column":15}},"22":{"start":{"line":44,"column":21},"end":{"line":58,"column":2}},"23":{"start":{"line":47,"column":4},"end":{"line":58,"column":2}},"24":{"start":{"line":48,"column":26},"end":{"line":48,"column":57}},"25":{"start":{"line":50,"column":2},"end":{"line":51,"column":63}},"26":{"start":{"line":51,"column":4},"end":{"line":51,"column":63}},"27":{"start":{"line":53,"column":2},"end":{"line":53,"column":58}},"28":{"start":{"line":55,"column":2},"end":{"line":55,"column":36}},"29":{"start":{"line":57,"column":2},"end":{"line":57,"column":79}},"30":{"start":{"line":103,"column":2},"end":{"line":103,"column":14}},"31":{"start":{"line":60,"column":21},"end":{"line":78,"column":2}},"32":{"start":{"line":63,"column":4},"end":{"line":78,"column":2}},"33":{"start":{"line":64,"column":26},"end":{"line":64,"column":57}},"34":{"start":{"line":66,"column":2},"end":{"line":67,"column":63}},"35":{"start":{"line":67,"column":4},"end":{"line":67,"column":63}},"36":{"start":{"line":69,"column":2},"end":{"line":69,"column":58}},"37":{"start":{"line":71,"column":2},"end":{"line":71,"column":34}},"38":{"start":{"line":72,"column":2},"end":{"line":72,"column":32}},"39":{"start":{"line":73,"column":2},"end":{"line":73,"column":36}},"40":{"start":{"line":75,"column":2},"end":{"line":75,"column":31}},"41":{"start":{"line":77,"column":2},"end":{"line":77,"column":63}},"42":{"start":{"line":102,"column":2},"end":{"line":102,"column":14}},"43":{"start":{"line":80,"column":24},"end":{"line":88,"column":2}},"44":{"start":{"line":83,"column":4},"end":{"line":88,"column":2}},"45":{"start":{"line":84,"column":17},"end":{"line":84,"column":48}},"46":{"start":{"line":85,"column":2},"end":{"line":85,"column":74}},"47":{"start":{"line":85,"column":15},"end":{"line":85,"column":74}},"48":{"start":{"line":87,"column":2},"end":{"line":87,"column":46}},"49":{"start":{"line":101,"column":2},"end":{"line":101,"column":17}},"50":{"start":{"line":90,"column":32},"end":{"line":96,"column":2}},"51":{"start":{"line":93,"column":4},"end":{"line":96,"column":2}},"52":{"start":{"line":94,"column":18},"end":{"line":94,"column":59}},"53":{"start":{"line":95,"column":2},"end":{"line":95,"column":70}},"54":{"start":{"line":104,"column":2},"end":{"line":104,"column":25}}},"fnMap":{"0":{"name":"(anonymous_7)","decl":{"start":{"line":8,"column":21},"end":{"line":8,"column":null}},"loc":{"start":{"line":11,"column":4},"end":{"line":34,"column":2}}},"1":{"name":"(anonymous_8)","decl":{"start":{"line":11,"column":4},"end":{"line":11,"column":null}},"loc":{"start":{"line":11,"column":4},"end":{"line":34,"column":1}}},"2":{"name":"(anonymous_9)","decl":{"start":{"line":35,"column":22},"end":{"line":35,"column":29}},"loc":{"start":{"line":35,"column":60},"end":{"line":43,"column":2}}},"3":{"name":"(anonymous_10)","decl":{"start":{"line":35,"column":60},"end":{"line":35,"column":null}},"loc":{"start":{"line":35,"column":60},"end":{"line":43,"column":1}}},"4":{"name":"(anonymous_11)","decl":{"start":{"line":44,"column":21},"end":{"line":44,"column":null}},"loc":{"start":{"line":47,"column":4},"end":{"line":58,"column":2}}},"5":{"name":"(anonymous_12)","decl":{"start":{"line":47,"column":4},"end":{"line":47,"column":null}},"loc":{"start":{"line":47,"column":4},"end":{"line":58,"column":1}}},"6":{"name":"(anonymous_13)","decl":{"start":{"line":60,"column":21},"end":{"line":60,"column":null}},"loc":{"start":{"line":63,"column":4},"end":{"line":78,"column":2}}},"7":{"name":"(anonymous_14)","decl":{"start":{"line":63,"column":4},"end":{"line":63,"column":null}},"loc":{"start":{"line":63,"column":4},"end":{"line":78,"column":1}}},"8":{"name":"(anonymous_15)","decl":{"start":{"line":80,"column":24},"end":{"line":80,"column":null}},"loc":{"start":{"line":83,"column":4},"end":{"line":88,"column":2}}},"9":{"name":"(anonymous_16)","decl":{"start":{"line":83,"column":4},"end":{"line":83,"column":null}},"loc":{"start":{"line":83,"column":4},"end":{"line":88,"column":1}}},"10":{"name":"(anonymous_17)","decl":{"start":{"line":90,"column":32},"end":{"line":90,"column":null}},"loc":{"start":{"line":93,"column":4},"end":{"line":96,"column":2}}},"11":{"name":"(anonymous_18)","decl":{"start":{"line":93,"column":4},"end":{"line":93,"column":null}},"loc":{"start":{"line":93,"column":4},"end":{"line":96,"column":1}}}},"branchMap":{"0":{"loc":{"start":{"line":16,"column":2},"end":{"line":17,"column":66}},"type":"if","locations":[{"start":{"line":16,"column":2},"end":{"line":17,"column":66}}]},"1":{"loc":{"start":{"line":24,"column":2},"end":{"line":27,"column":6}},"type":"if","locations":[{"start":{"line":24,"column":2},"end":{"line":27,"column":6}}]},"2":{"loc":{"start":{"line":50,"column":2},"end":{"line":51,"column":63}},"type":"if","locations":[{"start":{"line":50,"column":2},"end":{"line":51,"column":63}}]},"3":{"loc":{"start":{"line":66,"column":2},"end":{"line":67,"column":63}},"type":"if","locations":[{"start":{"line":66,"column":2},"end":{"line":67,"column":63}}]},"4":{"loc":{"start":{"line":85,"column":2},"end":{"line":85,"column":74}},"type":"if","locations":[{"start":{"line":85,"column":2},"end":{"line":85,"column":74}}]}},"s":{"0":4,"1":4,"2":4,"3":4,"4":4,"5":4,"6":0,"7":0,"8":0,"9":0,"10":0,"11":0,"12":0,"13":0,"14":0,"15":0,"16":4,"17":4,"18":0,"19":0,"20":0,"21":4,"22":4,"23":0,"24":0,"25":0,"26":0,"27":0,"28":0,"29":0,"30":4,"31":4,"32":0,"33":0,"34":0,"35":0,"36":0,"37":0,"38":0,"39":0,"40":0,"41":0,"42":4,"43":4,"44":0,"45":0,"46":0,"47":0,"48":0,"49":4,"50":4,"51":0,"52":0,"53":0,"54":4},"f":{"0":0,"1":0,"2":0,"3":0,"4":0,"5":0,"6":0,"7":0,"8":0,"9":0,"10":0,"11":0},"b":{"0":[0],"1":[0],"2":[0],"3":[0],"4":[0]}}
,"C:\\Users\\marsa\\Documents\\comp3900\\comp3900_project\\backend\\controllers\\roomController.ts": {"path":"C:\\Users\\marsa\\Documents\\comp3900\\comp3900_project\\backend\\controllers\\roomController.ts","statementMap":{"0":{"start":{"line":2,"column":0},"end":{"line":2,"column":48}},"1":{"start":{"line":3,"column":0},"end":{"line":3,"column":38}},"2":{"start":{"line":4,"column":0},"end":{"line":4,"column":44}},"3":{"start":{"line":6,"column":0},"end":{"line":6,"column":73}},"4":{"start":{"line":7,"column":19},"end":{"line":7,"column":71}},"5":{"start":{"line":8,"column":13},"end":{"line":13,"column":2}},"6":{"start":{"line":15,"column":19},"end":{"line":21,"column":2}},"7":{"start":{"line":18,"column":4},"end":{"line":21,"column":2}},"8":{"start":{"line":19,"column":15},"end":{"line":19,"column":45}},"9":{"start":{"line":20,"column":2},"end":{"line":20,"column":49}},"10":{"start":{"line":91,"column":9},"end":{"line":91,"column":19}},"11":{"start":{"line":23,"column":20},"end":{"line":55,"column":2}},"12":{"start":{"line":26,"column":4},"end":{"line":55,"column":2}},"13":{"start":{"line":31,"column":39},"end":{"line":37,"column":4}},"14":{"start":{"line":33,"column":54},"end":{"line":35,"column":8}},"15":{"start":{"line":39,"column":2},"end":{"line":43,"column":null}},"16":{"start":{"line":40,"column":26},"end":{"line":40,"column":64}},"17":{"start":{"line":42,"column":4},"end":{"line":42,"column":47}},"18":{"start":{"line":44,"column":2},"end":{"line":44,"column":47}},"19":{"start":{"line":44,"column":13},"end":{"line":44,"column":47}},"20":{"start":{"line":45,"column":2},"end":{"line":45,"column":57}},"21":{"start":{"line":45,"column":12},"end":{"line":45,"column":57}},"22":{"start":{"line":47,"column":2},"end":{"line":50,"column":null}},"23":{"start":{"line":47,"column":14},"end":{"line":47,"column":70}},"24":{"start":{"line":49,"column":4},"end":{"line":49,"column":57}},"25":{"start":{"line":53,"column":2},"end":{"line":53,"column":24}},"26":{"start":{"line":54,"column":2},"end":{"line":54,"column":75}},"27":{"start":{"line":91,"column":21},"end":{"line":91,"column":32}},"28":{"start":{"line":56,"column":22},"end":{"line":65,"column":2}},"29":{"start":{"line":59,"column":4},"end":{"line":65,"column":2}},"30":{"start":{"line":60,"column":15},"end":{"line":60,"column":50}},"31":{"start":{"line":62,"column":2},"end":{"line":62,"column":77}},"32":{"start":{"line":62,"column":13},"end":{"line":62,"column":77}},"33":{"start":{"line":64,"column":2},"end":{"line":64,"column":44}},"34":{"start":{"line":91,"column":34},"end":{"line":91,"column":47}},"35":{"start":{"line":67,"column":19},"end":{"line":79,"column":2}},"36":{"start":{"line":70,"column":4},"end":{"line":79,"column":2}},"37":{"start":{"line":71,"column":22},"end":{"line":74,"column":4}},"38":{"start":{"line":76,"column":2},"end":{"line":76,"column":75}},"39":{"start":{"line":76,"column":20},"end":{"line":76,"column":75}},"40":{"start":{"line":78,"column":2},"end":{"line":78,"column":51}},"41":{"start":{"line":91,"column":49},"end":{"line":91,"column":59}},"42":{"start":{"line":80,"column":19},"end":{"line":89,"column":2}},"43":{"start":{"line":83,"column":4},"end":{"line":89,"column":2}},"44":{"start":{"line":84,"column":23},"end":{"line":84,"column":50}},"45":{"start":{"line":85,"column":2},"end":{"line":85,"column":79}},"46":{"start":{"line":85,"column":21},"end":{"line":85,"column":79}},"47":{"start":{"line":87,"column":2},"end":{"line":87,"column":33}},"48":{"start":{"line":88,"column":2},"end":{"line":88,"column":66}},"49":{"start":{"line":91,"column":61},"end":{"line":91,"column":71}}},"fnMap":{"0":{"name":"(anonymous_7)","decl":{"start":{"line":15,"column":19},"end":{"line":15,"column":null}},"loc":{"start":{"line":18,"column":4},"end":{"line":21,"column":2}}},"1":{"name":"(anonymous_8)","decl":{"start":{"line":18,"column":4},"end":{"line":18,"column":null}},"loc":{"start":{"line":18,"column":4},"end":{"line":21,"column":1}}},"2":{"name":"(anonymous_9)","decl":{"start":{"line":23,"column":20},"end":{"line":23,"column":null}},"loc":{"start":{"line":26,"column":4},"end":{"line":55,"column":2}}},"3":{"name":"(anonymous_10)","decl":{"start":{"line":26,"column":4},"end":{"line":26,"column":null}},"loc":{"start":{"line":26,"column":4},"end":{"line":55,"column":1}}},"4":{"name":"(anonymous_11)","decl":{"start":{"line":33,"column":38},"end":{"line":33,"column":39}},"loc":{"start":{"line":33,"column":54},"end":{"line":35,"column":8}}},"5":{"name":"(anonymous_12)","decl":{"start":{"line":56,"column":22},"end":{"line":56,"column":null}},"loc":{"start":{"line":59,"column":4},"end":{"line":65,"column":2}}},"6":{"name":"(anonymous_13)","decl":{"start":{"line":59,"column":4},"end":{"line":59,"column":null}},"loc":{"start":{"line":59,"column":4},"end":{"line":65,"column":1}}},"7":{"name":"(anonymous_14)","decl":{"start":{"line":67,"column":19},"end":{"line":67,"column":null}},"loc":{"start":{"line":70,"column":4},"end":{"line":79,"column":2}}},"8":{"name":"(anonymous_15)","decl":{"start":{"line":70,"column":4},"end":{"line":70,"column":null}},"loc":{"start":{"line":70,"column":4},"end":{"line":79,"column":1}}},"9":{"name":"(anonymous_16)","decl":{"start":{"line":80,"column":19},"end":{"line":80,"column":null}},"loc":{"start":{"line":83,"column":4},"end":{"line":89,"column":2}}},"10":{"name":"(anonymous_17)","decl":{"start":{"line":83,"column":4},"end":{"line":83,"column":null}},"loc":{"start":{"line":83,"column":4},"end":{"line":89,"column":1}}}},"branchMap":{"0":{"loc":{"start":{"line":39,"column":2},"end":{"line":43,"column":null}},"type":"if","locations":[{"start":{"line":39,"column":2},"end":{"line":43,"column":null}}]},"1":{"loc":{"start":{"line":44,"column":2},"end":{"line":44,"column":47}},"type":"if","locations":[{"start":{"line":44,"column":2},"end":{"line":44,"column":47}}]},"2":{"loc":{"start":{"line":45,"column":2},"end":{"line":45,"column":57}},"type":"if","locations":[{"start":{"line":45,"column":2},"end":{"line":45,"column":57}}]},"3":{"loc":{"start":{"line":47,"column":2},"end":{"line":50,"column":null}},"type":"if","locations":[{"start":{"line":47,"column":2},"end":{"line":50,"column":null}},{"start":{"line":48,"column":7},"end":{"line":50,"column":null}}]},"4":{"loc":{"start":{"line":47,"column":54},"end":{"line":47,"column":68}},"type":"binary-expr","locations":[{"start":{"line":47,"column":54},"end":{"line":47,"column":58}},{"start":{"line":47,"column":62},"end":{"line":47,"column":68}}]},"5":{"loc":{"start":{"line":49,"column":41},"end":{"line":49,"column":55}},"type":"binary-expr","locations":[{"start":{"line":49,"column":41},"end":{"line":49,"column":45}},{"start":{"line":49,"column":49},"end":{"line":49,"column":55}}]},"6":{"loc":{"start":{"line":62,"column":2},"end":{"line":62,"column":77}},"type":"if","locations":[{"start":{"line":62,"column":2},"end":{"line":62,"column":77}}]},"7":{"loc":{"start":{"line":76,"column":2},"end":{"line":76,"column":75}},"type":"if","locations":[{"start":{"line":76,"column":2},"end":{"line":76,"column":75}}]},"8":{"loc":{"start":{"line":85,"column":2},"end":{"line":85,"column":79}},"type":"if","locations":[{"start":{"line":85,"column":2},"end":{"line":85,"column":79}}]}},"s":{"0":4,"1":4,"2":4,"3":4,"4":4,"5":4,"6":4,"7":2,"8":2,"9":1,"10":4,"11":4,"12":9,"13":9,"14":34,"15":9,"16":0,"17":0,"18":9,"19":0,"20":9,"21":0,"22":9,"23":0,"24":9,"25":9,"26":9,"27":4,"28":4,"29":3,"30":3,"31":2,"32":1,"33":1,"34":4,"35":4,"36":3,"37":3,"38":2,"39":0,"40":2,"41":4,"42":4,"43":1,"44":1,"45":1,"46":0,"47":1,"48":1,"49":4},"f":{"0":2,"1":2,"2":9,"3":9,"4":34,"5":3,"6":3,"7":3,"8":3,"9":1,"10":1},"b":{"0":[0],"1":[0],"2":[0],"3":[0,9],"4":[0,0],"5":[9,9],"6":[1],"7":[0],"8":[0]}}
,"C:\\Users\\marsa\\Documents\\comp3900\\comp3900_project\\backend\\controllers\\userController.ts": {"path":"C:\\Users\\marsa\\Documents\\comp3900\\comp3900_project\\backend\\controllers\\userController.ts","statementMap":{"0":{"start":{"line":2,"column":0},"end":{"line":2,"column":48}},"1":{"start":{"line":3,"column":0},"end":{"line":3,"column":38}},"2":{"start":{"line":4,"column":0},"end":{"line":4,"column":66}},"3":{"start":{"line":5,"column":0},"end":{"line":5,"column":null}},"4":{"start":{"line":11,"column":20},"end":{"line":15,"column":2}},"5":{"start":{"line":11,"column":58},"end":{"line":15,"column":2}},"6":{"start":{"line":12,"column":16},"end":{"line":12,"column":35}},"7":{"start":{"line":14,"column":2},"end":{"line":14,"column":45}},"8":{"start":{"line":74,"column":2},"end":{"line":74,"column":13}},"9":{"start":{"line":17,"column":22},"end":{"line":27,"column":2}},"10":{"start":{"line":17,"column":75},"end":{"line":27,"column":2}},"11":{"start":{"line":18,"column":15},"end":{"line":20,"column":4}},"12":{"start":{"line":22,"column":2},"end":{"line":22,"column":64}},"13":{"start":{"line":22,"column":13},"end":{"line":22,"column":64}},"14":{"start":{"line":26,"column":2},"end":{"line":26,"column":44}},"15":{"start":{"line":75,"column":2},"end":{"line":75,"column":15}},"16":{"start":{"line":29,"column":24},"end":{"line":31,"column":2}},"17":{"start":{"line":29,"column":67},"end":{"line":31,"column":2}},"18":{"start":{"line":30,"column":2},"end":{"line":30,"column":44}},"19":{"start":{"line":76,"column":2},"end":{"line":76,"column":17}},"20":{"start":{"line":33,"column":27},"end":{"line":52,"column":2}},"21":{"start":{"line":36,"column":4},"end":{"line":52,"column":2}},"22":{"start":{"line":37,"column":2},"end":{"line":38,"column":76}},"23":{"start":{"line":38,"column":4},"end":{"line":38,"column":76}},"24":{"start":{"line":40,"column":16},"end":{"line":40,"column":45}},"25":{"start":{"line":50,"column":2},"end":{"line":50,"column":20}},"26":{"start":{"line":51,"column":2},"end":{"line":51,"column":53}},"27":{"start":{"line":78,"column":2},"end":{"line":78,"column":20}},"28":{"start":{"line":54,"column":19},"end":{"line":71,"column":2}},"29":{"start":{"line":57,"column":4},"end":{"line":71,"column":2}},"30":{"start":{"line":58,"column":23},"end":{"line":64,"column":null}},"31":{"start":{"line":66,"column":20},"end":{"line":66,"column":48}},"32":{"start":{"line":68,"column":2},"end":{"line":68,"column":42}},"33":{"start":{"line":70,"column":2},"end":{"line":70,"column":51}},"34":{"start":{"line":77,"column":2},"end":{"line":77,"column":12}}},"fnMap":{"0":{"name":"(anonymous_7)","decl":{"start":{"line":11,"column":20},"end":{"line":11,"column":27}},"loc":{"start":{"line":11,"column":58},"end":{"line":15,"column":2}}},"1":{"name":"(anonymous_8)","decl":{"start":{"line":11,"column":58},"end":{"line":11,"column":null}},"loc":{"start":{"line":11,"column":58},"end":{"line":15,"column":1}}},"2":{"name":"(anonymous_9)","decl":{"start":{"line":17,"column":22},"end":{"line":17,"column":29}},"loc":{"start":{"line":17,"column":75},"end":{"line":27,"column":2}}},"3":{"name":"(anonymous_10)","decl":{"start":{"line":17,"column":75},"end":{"line":17,"column":null}},"loc":{"start":{"line":17,"column":75},"end":{"line":27,"column":1}}},"4":{"name":"(anonymous_11)","decl":{"start":{"line":29,"column":24},"end":{"line":29,"column":31}},"loc":{"start":{"line":29,"column":67},"end":{"line":31,"column":2}}},"5":{"name":"(anonymous_12)","decl":{"start":{"line":29,"column":67},"end":{"line":29,"column":null}},"loc":{"start":{"line":29,"column":67},"end":{"line":31,"column":1}}},"6":{"name":"(anonymous_13)","decl":{"start":{"line":33,"column":27},"end":{"line":33,"column":null}},"loc":{"start":{"line":36,"column":4},"end":{"line":52,"column":2}}},"7":{"name":"(anonymous_14)","decl":{"start":{"line":36,"column":4},"end":{"line":36,"column":null}},"loc":{"start":{"line":36,"column":4},"end":{"line":52,"column":1}}},"8":{"name":"(anonymous_15)","decl":{"start":{"line":54,"column":19},"end":{"line":54,"column":null}},"loc":{"start":{"line":57,"column":4},"end":{"line":71,"column":2}}},"9":{"name":"(anonymous_16)","decl":{"start":{"line":57,"column":4},"end":{"line":57,"column":null}},"loc":{"start":{"line":57,"column":4},"end":{"line":71,"column":1}}}},"branchMap":{"0":{"loc":{"start":{"line":22,"column":2},"end":{"line":22,"column":64}},"type":"if","locations":[{"start":{"line":22,"column":2},"end":{"line":22,"column":64}}]},"1":{"loc":{"start":{"line":37,"column":2},"end":{"line":38,"column":76}},"type":"if","locations":[{"start":{"line":37,"column":2},"end":{"line":38,"column":76}}]},"2":{"loc":{"start":{"line":37,"column":6},"end":{"line":37,"column":34}},"type":"binary-expr","locations":[{"start":{"line":37,"column":6},"end":{"line":37,"column":18}},{"start":{"line":37,"column":22},"end":{"line":37,"column":34}}]}},"s":{"0":4,"1":4,"2":4,"3":4,"4":4,"5":2,"6":2,"7":2,"8":4,"9":4,"10":4,"11":4,"12":3,"13":1,"14":2,"15":4,"16":4,"17":1,"18":1,"19":4,"20":4,"21":0,"22":0,"23":0,"24":0,"25":0,"26":0,"27":4,"28":4,"29":3,"30":3,"31":2,"32":2,"33":2,"34":4},"f":{"0":2,"1":2,"2":4,"3":4,"4":1,"5":1,"6":0,"7":0,"8":3,"9":3},"b":{"0":[1],"1":[0],"2":[0,0]}}
,"C:\\Users\\marsa\\Documents\\comp3900\\comp3900_project\\backend\\db\\connect.ts": {"path":"C:\\Users\\marsa\\Documents\\comp3900\\comp3900_project\\backend\\db\\connect.ts","statementMap":{"0":{"start":{"line":1,"column":0},"end":{"line":1,"column":35}},"1":{"start":{"line":3,"column":25},"end":{"line":3,"column":54}},"2":{"start":{"line":3,"column":42},"end":{"line":3,"column":54}},"3":{"start":{"line":3,"column":13},"end":{"line":3,"column":25}}},"fnMap":{"0":{"name":"(anonymous_0)","decl":{"start":{"line":3,"column":25},"end":{"line":3,"column":26}},"loc":{"start":{"line":3,"column":42},"end":{"line":3,"column":54}}}},"branchMap":{},"s":{"0":4,"1":4,"2":0,"3":4},"f":{"0":0},"b":{}}
,"C:\\Users\\marsa\\Documents\\comp3900\\comp3900_project\\backend\\errors\\bad-request.ts": {"path":"C:\\Users\\marsa\\Documents\\comp3900\\comp3900_project\\backend\\errors\\bad-request.ts","statementMap":{"0":{"start":{"line":1,"column":0},"end":{"line":1,"column":48}},"1":{"start":{"line":2,"column":0},"end":{"line":2,"column":46}},"2":{"start":{"line":7,"column":4},"end":{"line":7,"column":19}},"3":{"start":{"line":8,"column":4},"end":{"line":8,"column":46}},"4":{"start":{"line":4,"column":0},"end":{"line":4,"column":13}}},"fnMap":{"0":{"name":"(anonymous_0)","decl":{"start":{"line":6,"column":2},"end":{"line":6,"column":14}},"loc":{"start":{"line":6,"column":29},"end":{"line":9,"column":3}}}},"branchMap":{},"s":{"0":4,"1":4,"2":14,"3":14,"4":4},"f":{"0":14},"b":{}}
,"C:\\Users\\marsa\\Documents\\comp3900\\comp3900_project\\backend\\errors\\custom-api.ts": {"path":"C:\\Users\\marsa\\Documents\\comp3900\\comp3900_project\\backend\\errors\\custom-api.ts","statementMap":{"0":{"start":{"line":3,"column":4},"end":{"line":3,"column":19}},"1":{"start":{"line":1,"column":0},"end":{"line":1,"column":13}}},"fnMap":{"0":{"name":"(anonymous_0)","decl":{"start":{"line":2,"column":2},"end":{"line":2,"column":14}},"loc":{"start":{"line":2,"column":29},"end":{"line":4,"column":3}}}},"branchMap":{},"s":{"0":23,"1":4},"f":{"0":23},"b":{}}
,"C:\\Users\\marsa\\Documents\\comp3900\\comp3900_project\\backend\\errors\\index.ts": {"path":"C:\\Users\\marsa\\Documents\\comp3900\\comp3900_project\\backend\\errors\\index.ts","statementMap":{"0":{"start":{"line":1,"column":0},"end":{"line":1,"column":9}},"1":{"start":{"line":8,"column":2},"end":{"line":1,"column":46}},"2":{"start":{"line":2,"column":0},"end":{"line":2,"column":9}},"3":{"start":{"line":9,"column":2},"end":{"line":2,"column":57}},"4":{"start":{"line":3,"column":0},"end":{"line":3,"column":9}},"5":{"start":{"line":10,"column":2},"end":{"line":3,"column":44}},"6":{"start":{"line":4,"column":0},"end":{"line":4,"column":9}},"7":{"start":{"line":11,"column":2},"end":{"line":4,"column":48}},"8":{"start":{"line":5,"column":0},"end":{"line":5,"column":9}},"9":{"start":{"line":12,"column":2},"end":{"line":5,"column":51}}},"fnMap":{"0":{"name":"(anonymous_0)","decl":{"start":{"line":8,"column":2},"end":{"line":8,"column":16}},"loc":{"start":{"line":8,"column":2},"end":{"line":1,"column":46}}},"1":{"name":"(anonymous_1)","decl":{"start":{"line":9,"column":2},"end":{"line":9,"column":22}},"loc":{"start":{"line":9,"column":2},"end":{"line":2,"column":57}}},"2":{"name":"(anonymous_2)","decl":{"start":{"line":10,"column":2},"end":{"line":10,"column":15}},"loc":{"start":{"line":10,"column":2},"end":{"line":3,"column":44}}},"3":{"name":"(anonymous_3)","decl":{"start":{"line":11,"column":2},"end":{"line":11,"column":17}},"loc":{"start":{"line":11,"column":2},"end":{"line":4,"column":48}}},"4":{"name":"(anonymous_4)","decl":{"start":{"line":12,"column":2},"end":{"line":12,"column":19}},"loc":{"start":{"line":12,"column":2},"end":{"line":5,"column":51}}}},"branchMap":{},"s":{"0":4,"1":4,"2":4,"3":10,"4":4,"5":4,"6":4,"7":18,"8":4,"9":7},"f":{"0":0,"1":6,"2":0,"3":14,"4":3},"b":{}}
,"C:\\Users\\marsa\\Documents\\comp3900\\comp3900_project\\backend\\errors\\not-found.ts": {"path":"C:\\Users\\marsa\\Documents\\comp3900\\comp3900_project\\backend\\errors\\not-found.ts","statementMap":{"0":{"start":{"line":1,"column":0},"end":{"line":1,"column":48}},"1":{"start":{"line":2,"column":0},"end":{"line":2,"column":46}},"2":{"start":{"line":7,"column":4},"end":{"line":7,"column":19}},"3":{"start":{"line":8,"column":4},"end":{"line":8,"column":44}},"4":{"start":{"line":4,"column":0},"end":{"line":4,"column":13}}},"fnMap":{"0":{"name":"(anonymous_0)","decl":{"start":{"line":6,"column":2},"end":{"line":6,"column":14}},"loc":{"start":{"line":6,"column":29},"end":{"line":9,"column":3}}}},"branchMap":{},"s":{"0":4,"1":4,"2":0,"3":0,"4":4},"f":{"0":0},"b":{}}
,"C:\\Users\\marsa\\Documents\\comp3900\\comp3900_project\\backend\\errors\\unauthenticated.ts": {"path":"C:\\Users\\marsa\\Documents\\comp3900\\comp3900_project\\backend\\errors\\unauthenticated.ts","statementMap":{"0":{"start":{"line":1,"column":0},"end":{"line":1,"column":48}},"1":{"start":{"line":2,"column":0},"end":{"line":2,"column":46}},"2":{"start":{"line":7,"column":4},"end":{"line":7,"column":19}},"3":{"start":{"line":8,"column":4},"end":{"line":8,"column":47}},"4":{"start":{"line":4,"column":0},"end":{"line":4,"column":13}}},"fnMap":{"0":{"name":"(anonymous_0)","decl":{"start":{"line":6,"column":2},"end":{"line":6,"column":14}},"loc":{"start":{"line":6,"column":29},"end":{"line":9,"column":3}}}},"branchMap":{},"s":{"0":4,"1":4,"2":6,"3":6,"4":4},"f":{"0":6},"b":{}}
,"C:\\Users\\marsa\\Documents\\comp3900\\comp3900_project\\backend\\errors\\unauthorized.ts": {"path":"C:\\Users\\marsa\\Documents\\comp3900\\comp3900_project\\backend\\errors\\unauthorized.ts","statementMap":{"0":{"start":{"line":1,"column":0},"end":{"line":1,"column":48}},"1":{"start":{"line":2,"column":0},"end":{"line":2,"column":46}},"2":{"start":{"line":7,"column":4},"end":{"line":7,"column":19}},"3":{"start":{"line":8,"column":4},"end":{"line":8,"column":44}},"4":{"start":{"line":4,"column":0},"end":{"line":4,"column":13}}},"fnMap":{"0":{"name":"(anonymous_0)","decl":{"start":{"line":6,"column":2},"end":{"line":6,"column":14}},"loc":{"start":{"line":6,"column":29},"end":{"line":9,"column":3}}}},"branchMap":{},"s":{"0":4,"1":4,"2":3,"3":3,"4":4},"f":{"0":3},"b":{}}
,"C:\\Users\\marsa\\Documents\\comp3900\\comp3900_project\\backend\\middleware\\error-handler.ts": {"path":"C:\\Users\\marsa\\Documents\\comp3900\\comp3900_project\\backend\\middleware\\error-handler.ts","statementMap":{"0":{"start":{"line":2,"column":0},"end":{"line":2,"column":48}},"1":{"start":{"line":5,"column":59},"end":{"line":34,"column":1}},"2":{"start":{"line":11,"column":22},"end":{"line":15,"column":4}},"3":{"start":{"line":16,"column":2},"end":{"line":21,"column":null}},"4":{"start":{"line":17,"column":32},"end":{"line":17,"column":57}},"5":{"start":{"line":19,"column":4},"end":{"line":19,"column":65}},"6":{"start":{"line":19,"column":40},"end":{"line":19,"column":52}},"7":{"start":{"line":20,"column":4},"end":{"line":20,"column":53}},"8":{"start":{"line":22,"column":2},"end":{"line":27,"column":null}},"9":{"start":{"line":23,"column":4},"end":{"line":25,"column":43}},"10":{"start":{"line":26,"column":4},"end":{"line":26,"column":33}},"11":{"start":{"line":28,"column":2},"end":{"line":31,"column":null}},"12":{"start":{"line":29,"column":4},"end":{"line":29,"column":61}},"13":{"start":{"line":30,"column":4},"end":{"line":30,"column":33}},"14":{"start":{"line":33,"column":2},"end":{"line":33,"column":75}},"15":{"start":{"line":5,"column":13},"end":{"line":5,"column":59}}},"fnMap":{"0":{"name":"(anonymous_0)","decl":{"start":{"line":5,"column":59},"end":{"line":5,"column":null}},"loc":{"start":{"line":10,"column":4},"end":{"line":34,"column":1}}},"1":{"name":"(anonymous_1)","decl":{"start":{"line":19,"column":30},"end":{"line":19,"column":31}},"loc":{"start":{"line":19,"column":40},"end":{"line":19,"column":52}}}},"branchMap":{"0":{"loc":{"start":{"line":13,"column":16},"end":{"line":13,"column":67}},"type":"binary-expr","locations":[{"start":{"line":13,"column":16},"end":{"line":13,"column":30}},{"start":{"line":13,"column":34},"end":{"line":13,"column":67}}]},"1":{"loc":{"start":{"line":14,"column":9},"end":{"line":14,"column":62}},"type":"binary-expr","locations":[{"start":{"line":14,"column":9},"end":{"line":14,"column":20}},{"start":{"line":14,"column":24},"end":{"line":14,"column":62}}]},"2":{"loc":{"start":{"line":16,"column":2},"end":{"line":21,"column":null}},"type":"if","locations":[{"start":{"line":16,"column":2},"end":{"line":21,"column":null}}]},"3":{"loc":{"start":{"line":22,"column":2},"end":{"line":27,"column":null}},"type":"if","locations":[{"start":{"line":22,"column":2},"end":{"line":27,"column":null}}]},"4":{"loc":{"start":{"line":22,"column":6},"end":{"line":22,"column":36}},"type":"binary-expr","locations":[{"start":{"line":22,"column":6},"end":{"line":22,"column":14}},{"start":{"line":22,"column":18},"end":{"line":22,"column":36}}]},"5":{"loc":{"start":{"line":28,"column":2},"end":{"line":31,"column":null}},"type":"if","locations":[{"start":{"line":28,"column":2},"end":{"line":31,"column":null}}]}},"s":{"0":4,"1":4,"2":29,"3":29,"4":2,"5":2,"6":2,"7":2,"8":29,"9":0,"10":0,"11":29,"12":4,"13":4,"14":29,"15":4},"f":{"0":29,"1":2},"b":{"0":[29,6],"1":[29,0],"2":[2],"3":[0],"4":[29,0],"5":[4]}}
,"C:\\Users\\marsa\\Documents\\comp3900\\comp3900_project\\backend\\middleware\\full-auth.ts": {"path":"C:\\Users\\marsa\\Documents\\comp3900\\comp3900_project\\backend\\middleware\\full-auth.ts","statementMap":{"0":{"start":{"line":2,"column":0},"end":{"line":2,"column":44}},"1":{"start":{"line":3,"column":0},"end":{"line":3,"column":68}},"2":{"start":{"line":6,"column":25},"end":{"line":39,"column":2}},"3":{"start":{"line":10,"column":4},"end":{"line":39,"column":2}},"4":{"start":{"line":11,"column":2},"end":{"line":12,"column":61}},"5":{"start":{"line":12,"column":4},"end":{"line":12,"column":61}},"6":{"start":{"line":14,"column":2},"end":{"line":38,"column":null}},"7":{"start":{"line":23,"column":8},"end":{"line":23,"column":59}},"8":{"start":{"line":25,"column":4},"end":{"line":33,"column":6}},"9":{"start":{"line":35,"column":4},"end":{"line":35,"column":11}},"10":{"start":{"line":37,"column":4},"end":{"line":37,"column":61}},"11":{"start":{"line":50,"column":9},"end":{"line":50,"column":25}},"12":{"start":{"line":42,"column":2},"end":{"line":48,"column":3}},"13":{"start":{"line":43,"column":2},"end":{"line":48,"column":3}},"14":{"start":{"line":44,"column":4},"end":{"line":45,"column":53}},"15":{"start":{"line":45,"column":6},"end":{"line":45,"column":53}},"16":{"start":{"line":47,"column":4},"end":{"line":47,"column":11}},"17":{"start":{"line":50,"column":27},"end":{"line":50,"column":47}}},"fnMap":{"0":{"name":"(anonymous_7)","decl":{"start":{"line":6,"column":25},"end":{"line":6,"column":null}},"loc":{"start":{"line":10,"column":4},"end":{"line":39,"column":2}}},"1":{"name":"(anonymous_8)","decl":{"start":{"line":10,"column":4},"end":{"line":10,"column":null}},"loc":{"start":{"line":10,"column":4},"end":{"line":39,"column":1}}},"2":{"name":"(anonymous_9)","decl":{"start":{"line":42,"column":2},"end":{"line":42,"column":3}},"loc":{"start":{"line":43,"column":2},"end":{"line":48,"column":3}}},"3":{"name":"(anonymous_10)","decl":{"start":{"line":43,"column":2},"end":{"line":43,"column":3}},"loc":{"start":{"line":43,"column":69},"end":{"line":48,"column":3}}}},"branchMap":{"0":{"loc":{"start":{"line":11,"column":2},"end":{"line":12,"column":61}},"type":"if","locations":[{"start":{"line":11,"column":2},"end":{"line":12,"column":61}}]},"1":{"loc":{"start":{"line":44,"column":4},"end":{"line":45,"column":53}},"type":"if","locations":[{"start":{"line":44,"column":4},"end":{"line":45,"column":53}}]}},"s":{"0":4,"1":4,"2":4,"3":96,"4":96,"5":4,"6":92,"7":92,"8":92,"9":92,"10":0,"11":4,"12":4,"13":24,"14":16,"15":1,"16":15,"17":4},"f":{"0":96,"1":96,"2":24,"3":16},"b":{"0":[4],"1":[1]}}
,"C:\\Users\\marsa\\Documents\\comp3900\\comp3900_project\\backend\\middleware\\not-found.ts": {"path":"C:\\Users\\marsa\\Documents\\comp3900\\comp3900_project\\backend\\middleware\\not-found.ts","statementMap":{"0":{"start":{"line":2,"column":17},"end":{"line":3,"column":46}},"1":{"start":{"line":3,"column":2},"end":{"line":3,"column":46}},"2":{"start":{"line":5,"column":9},"end":{"line":5,"column":17}}},"fnMap":{"0":{"name":"(anonymous_0)","decl":{"start":{"line":2,"column":17},"end":{"line":2,"column":18}},"loc":{"start":{"line":3,"column":2},"end":{"line":3,"column":46}}}},"branchMap":{},"s":{"0":4,"1":0,"2":4},"f":{"0":0},"b":{}}
,"C:\\Users\\marsa\\Documents\\comp3900\\comp3900_project\\backend\\models\\Booking.ts": {"path":"C:\\Users\\marsa\\Documents\\comp3900\\comp3900_project\\backend\\models\\Booking.ts","statementMap":{"0":{"start":{"line":1,"column":0},"end":{"line":1,"column":51}},"1":{"start":{"line":11,"column":22},"end":{"line":59,"column":2}},"2":{"start":{"line":63,"column":13},"end":{"line":66,"column":2}}},"fnMap":{},"branchMap":{},"s":{"0":4,"1":4,"2":4},"f":{},"b":{}}
,"C:\\Users\\marsa\\Documents\\comp3900\\comp3900_project\\backend\\models\\Product.ts": {"path":"C:\\Users\\marsa\\Documents\\comp3900\\comp3900_project\\backend\\models\\Product.ts","statementMap":{"0":{"start":{"line":1,"column":0},"end":{"line":1,"column":41}},"1":{"start":{"line":12,"column":22},"end":{"line":67,"column":null}},"2":{"start":{"line":77,"column":0},"end":{"line":84,"column":2}},"3":{"start":{"line":82,"column":4},"end":{"line":82,"column":65}},"4":{"start":{"line":85,"column":13},"end":{"line":88,"column":2}}},"fnMap":{"0":{"name":"(anonymous_7)","decl":{"start":{"line":80,"column":2},"end":{"line":80,"column":null}},"loc":{"start":{"line":80,"column":2},"end":{"line":83,"column":null}}}},"branchMap":{},"s":{"0":4,"1":4,"2":4,"3":0,"4":4},"f":{"0":0},"b":{}}
,"C:\\Users\\marsa\\Documents\\comp3900\\comp3900_project\\backend\\models\\Review.ts": {"path":"C:\\Users\\marsa\\Documents\\comp3900\\comp3900_project\\backend\\models\\Review.ts","statementMap":{"0":{"start":{"line":1,"column":0},"end":{"line":1,"column":51}},"1":{"start":{"line":4,"column":0},"end":{"line":4,"column":36}},"2":{"start":{"line":16,"column":21},"end":{"line":49,"column":null}},"3":{"start":{"line":51,"column":0},"end":{"line":51,"column":62}},"4":{"start":{"line":53,"column":0},"end":{"line":83,"column":2}},"5":{"start":{"line":56,"column":18},"end":{"line":73,"column":6}},"6":{"start":{"line":74,"column":4},"end":{"line":81,"column":null}},"7":{"start":{"line":75,"column":6},"end":{"line":78,"column":9}},"8":{"start":{"line":80,"column":6},"end":{"line":80,"column":25}},"9":{"start":{"line":85,"column":0},"end":{"line":88,"column":3}},"10":{"start":{"line":87,"column":2},"end":{"line":87,"column":75}},"11":{"start":{"line":90,"column":0},"end":{"line":97,"column":2}},"12":{"start":{"line":95,"column":4},"end":{"line":95,"column":77}},"13":{"start":{"line":99,"column":13},"end":{"line":102,"column":2}}},"fnMap":{"0":{"name":"(anonymous_7)","decl":{"start":{"line":55,"column":2},"end":{"line":55,"column":18}},"loc":{"start":{"line":55,"column":35},"end":{"line":82,"column":null}}},"1":{"name":"(anonymous_9)","decl":{"start":{"line":85,"column":26},"end":{"line":85,"column":null}},"loc":{"start":{"line":85,"column":26},"end":{"line":88,"column":2}}},"2":{"name":"(anonymous_11)","decl":{"start":{"line":93,"column":2},"end":{"line":93,"column":null}},"loc":{"start":{"line":93,"column":2},"end":{"line":96,"column":null}}}},"branchMap":{"0":{"loc":{"start":{"line":76,"column":22},"end":{"line":76,"column":49}},"type":"binary-expr","locations":[{"start":{"line":76,"column":22},"end":{"line":76,"column":44}},{"start":{"line":76,"column":48},"end":{"line":76,"column":49}}]},"1":{"loc":{"start":{"line":76,"column":22},"end":{"line":76,"column":44}},"type":"cond-expr","locations":[{"start":{"line":76,"column":30},"end":{"line":76,"column":32}},{"start":{"line":76,"column":30},"end":{"line":76,"column":44}}]},"2":{"loc":{"start":{"line":76,"column":22},"end":{"line":76,"column":32}},"type":"binary-expr","locations":[{"start":{"line":76,"column":22},"end":{"line":76,"column":32}},{"start":{"line":76,"column":30},"end":{"line":76,"column":32}}]},"3":{"loc":{"start":{"line":77,"column":23},"end":{"line":77,"column":51}},"type":"binary-expr","locations":[{"start":{"line":77,"column":23},"end":{"line":77,"column":46}},{"start":{"line":77,"column":50},"end":{"line":77,"column":51}}]},"4":{"loc":{"start":{"line":77,"column":23},"end":{"line":77,"column":46}},"type":"cond-expr","locations":[{"start":{"line":77,"column":31},"end":{"line":77,"column":33}},{"start":{"line":77,"column":31},"end":{"line":77,"column":46}}]},"5":{"loc":{"start":{"line":77,"column":23},"end":{"line":77,"column":33}},"type":"binary-expr","locations":[{"start":{"line":77,"column":23},"end":{"line":77,"column":33}},{"start":{"line":77,"column":31},"end":{"line":77,"column":33}}]}},"s":{"0":4,"1":4,"2":4,"3":4,"4":4,"5":0,"6":0,"7":0,"8":0,"9":4,"10":0,"11":4,"12":0,"13":4},"f":{"0":0,"1":0,"2":0},"b":{"0":[0,0],"1":[0,0],"2":[0,0],"3":[0,0],"4":[0,0],"5":[0,0]}}
,"C:\\Users\\marsa\\Documents\\comp3900\\comp3900_project\\backend\\models\\Room.ts": {"path":"C:\\Users\\marsa\\Documents\\comp3900\\comp3900_project\\backend\\models\\Room.ts","statementMap":{"0":{"start":{"line":1,"column":0},"end":{"line":1,"column":51}},"1":{"start":{"line":11,"column":19},"end":{"line":30,"column":2}},"2":{"start":{"line":31,"column":13},"end":{"line":31,"column":72}}},"fnMap":{},"branchMap":{},"s":{"0":4,"1":4,"2":4},"f":{},"b":{}}
,"C:\\Users\\marsa\\Documents\\comp3900\\comp3900_project\\backend\\models\\User.ts": {"path":"C:\\Users\\marsa\\Documents\\comp3900\\comp3900_project\\backend\\models\\User.ts","statementMap":{"0":{"start":{"line":1,"column":0},"end":{"line":1,"column":41}},"1":{"start":{"line":3,"column":0},"end":{"line":3,"column":50}},"2":{"start":{"line":5,"column":0},"end":{"line":5,"column":36}},"3":{"start":{"line":14,"column":19},"end":{"line":73,"column":2}},"4":{"start":{"line":25,"column":36},"end":{"line":25,"column":50}},"5":{"start":{"line":74,"column":0},"end":{"line":76,"column":2}},"6":{"start":{"line":75,"column":2},"end":{"line":75,"column":51}},"7":{"start":{"line":78,"column":0},"end":{"line":82,"column":3}},"8":{"start":{"line":79,"column":2},"end":{"line":79,"column":43}},"9":{"start":{"line":79,"column":36},"end":{"line":79,"column":43}},"10":{"start":{"line":80,"column":15},"end":{"line":80,"column":32}},"11":{"start":{"line":81,"column":2},"end":{"line":81,"column":50}},"12":{"start":{"line":84,"column":13},"end":{"line":84,"column":72}}},"fnMap":{"0":{"name":"(anonymous_7)","decl":{"start":{"line":25,"column":17},"end":{"line":25,"column":18}},"loc":{"start":{"line":25,"column":36},"end":{"line":25,"column":50}}},"1":{"name":"(anonymous_8)","decl":{"start":{"line":74,"column":37},"end":{"line":74,"column":47}},"loc":{"start":{"line":74,"column":72},"end":{"line":76,"column":1}}},"2":{"name":"(anonymous_9)","decl":{"start":{"line":78,"column":23},"end":{"line":78,"column":null}},"loc":{"start":{"line":78,"column":23},"end":{"line":82,"column":2}}}},"branchMap":{"0":{"loc":{"start":{"line":79,"column":2},"end":{"line":79,"column":43}},"type":"if","locations":[{"start":{"line":79,"column":2},"end":{"line":79,"column":43}}]}},"s":{"0":4,"1":4,"2":4,"3":4,"4":0,"5":4,"6":0,"7":4,"8":0,"9":0,"10":0,"11":0,"12":4},"f":{"0":0,"1":0,"2":0},"b":{"0":[0]}}
,"C:\\Users\\marsa\\Documents\\comp3900\\comp3900_project\\backend\\queries\\availableBetweenQuery.ts": {"path":"C:\\Users\\marsa\\Documents\\comp3900\\comp3900_project\\backend\\queries\\availableBetweenQuery.ts","statementMap":{"0":{"start":{"line":1,"column":0},"end":{"line":1,"column":38}},"1":{"start":{"line":3,"column":37},"end":{"line":23,"column":6}},"2":{"start":{"line":4,"column":2},"end":{"line":23,"column":6}},"3":{"start":{"line":3,"column":13},"end":{"line":3,"column":37}}},"fnMap":{"0":{"name":"(anonymous_0)","decl":{"start":{"line":3,"column":37},"end":{"line":3,"column":38}},"loc":{"start":{"line":4,"column":2},"end":{"line":23,"column":6}}}},"branchMap":{},"s":{"0":4,"1":4,"2":0,"3":4},"f":{"0":0},"b":{}}
,"C:\\Users\\marsa\\Documents\\comp3900\\comp3900_project\\backend\\queries\\bookingsNotCheckedInQuery.ts": {"path":"C:\\Users\\marsa\\Documents\\comp3900\\comp3900_project\\backend\\queries\\bookingsNotCheckedInQuery.ts","statementMap":{"0":{"start":{"line":1,"column":0},"end":{"line":1,"column":28}},"1":{"start":{"line":2,"column":0},"end":{"line":2,"column":44}},"2":{"start":{"line":4,"column":41},"end":{"line":34,"column":4}},"3":{"start":{"line":5,"column":2},"end":{"line":34,"column":4}},"4":{"start":{"line":4,"column":13},"end":{"line":4,"column":41}}},"fnMap":{"0":{"name":"(anonymous_1)","decl":{"start":{"line":4,"column":41},"end":{"line":4,"column":42}},"loc":{"start":{"line":5,"column":2},"end":{"line":34,"column":4}}}},"branchMap":{},"s":{"0":4,"1":4,"2":4,"3":0,"4":4},"f":{"0":0},"b":{}}
,"C:\\Users\\marsa\\Documents\\comp3900\\comp3900_project\\backend\\queries\\mostCommonUsersQuery.ts": {"path":"C:\\Users\\marsa\\Documents\\comp3900\\comp3900_project\\backend\\queries\\mostCommonUsersQuery.ts","statementMap":{"0":{"start":{"line":1,"column":0},"end":{"line":1,"column":38}},"1":{"start":{"line":3,"column":36},"end":{"line":20,"column":6}},"2":{"start":{"line":4,"column":2},"end":{"line":20,"column":6}},"3":{"start":{"line":3,"column":13},"end":{"line":3,"column":36}}},"fnMap":{"0":{"name":"(anonymous_0)","decl":{"start":{"line":3,"column":36},"end":{"line":3,"column":37}},"loc":{"start":{"line":4,"column":2},"end":{"line":20,"column":6}}}},"branchMap":{},"s":{"0":4,"1":4,"2":0,"3":4},"f":{"0":0},"b":{}}
,"C:\\Users\\marsa\\Documents\\comp3900\\comp3900_project\\backend\\queries\\mostCommonlyBookedRoomsQuery.ts": {"path":"C:\\Users\\marsa\\Documents\\comp3900\\comp3900_project\\backend\\queries\\mostCommonlyBookedRoomsQuery.ts","statementMap":{"0":{"start":{"line":1,"column":0},"end":{"line":1,"column":38}},"1":{"start":{"line":3,"column":44},"end":{"line":20,"column":6}},"2":{"start":{"line":4,"column":2},"end":{"line":20,"column":6}},"3":{"start":{"line":3,"column":13},"end":{"line":3,"column":44}}},"fnMap":{"0":{"name":"(anonymous_0)","decl":{"start":{"line":3,"column":44},"end":{"line":3,"column":45}},"loc":{"start":{"line":4,"column":2},"end":{"line":20,"column":6}}}},"branchMap":{},"s":{"0":4,"1":4,"2":0,"3":4},"f":{"0":0},"b":{}}
,"C:\\Users\\marsa\\Documents\\comp3900\\comp3900_project\\backend\\queries\\roomsUsageQuery.ts": {"path":"C:\\Users\\marsa\\Documents\\comp3900\\comp3900_project\\backend\\queries\\roomsUsageQuery.ts","statementMap":{"0":{"start":{"line":1,"column":0},"end":{"line":1,"column":28}},"1":{"start":{"line":2,"column":0},"end":{"line":2,"column":38}},"2":{"start":{"line":4,"column":31},"end":{"line":53,"column":4}},"3":{"start":{"line":5,"column":2},"end":{"line":53,"column":4}},"4":{"start":{"line":4,"column":13},"end":{"line":4,"column":31}}},"fnMap":{"0":{"name":"(anonymous_1)","decl":{"start":{"line":4,"column":31},"end":{"line":4,"column":32}},"loc":{"start":{"line":5,"column":2},"end":{"line":53,"column":4}}}},"branchMap":{},"s":{"0":4,"1":4,"2":4,"3":0,"4":4},"f":{"0":0},"b":{}}
,"C:\\Users\\marsa\\Documents\\comp3900\\comp3900_project\\backend\\queries\\userCheckInUsageQuery.ts": {"path":"C:\\Users\\marsa\\Documents\\comp3900\\comp3900_project\\backend\\queries\\userCheckInUsageQuery.ts","statementMap":{"0":{"start":{"line":3,"column":0},"end":{"line":3,"column":38}},"1":{"start":{"line":5,"column":37},"end":{"line":38,"column":4}},"2":{"start":{"line":6,"column":2},"end":{"line":38,"column":4}},"3":{"start":{"line":5,"column":13},"end":{"line":5,"column":37}}},"fnMap":{"0":{"name":"(anonymous_0)","decl":{"start":{"line":5,"column":37},"end":{"line":5,"column":38}},"loc":{"start":{"line":6,"column":2},"end":{"line":38,"column":4}}}},"branchMap":{},"s":{"0":4,"1":4,"2":0,"3":4},"f":{"0":0},"b":{}}
,"C:\\Users\\marsa\\Documents\\comp3900\\comp3900_project\\backend\\routes\\authRoutes.ts": {"path":"C:\\Users\\marsa\\Documents\\comp3900\\comp3900_project\\backend\\routes\\authRoutes.ts","statementMap":{"0":{"start":{"line":1,"column":0},"end":{"line":1,"column":null}},"1":{"start":{"line":7,"column":0},"end":{"line":7,"column":33}},"2":{"start":{"line":8,"column":0},"end":{"line":8,"column":59}},"3":{"start":{"line":9,"column":15},"end":{"line":9,"column":23}},"4":{"start":{"line":15,"column":19},"end":{"line":15,"column":29}},"5":{"start":{"line":11,"column":0},"end":{"line":11,"column":35}},"6":{"start":{"line":12,"column":0},"end":{"line":12,"column":41}},"7":{"start":{"line":13,"column":0},"end":{"line":13,"column":56}},"8":{"start":{"line":14,"column":0},"end":{"line":14,"column":48}}},"fnMap":{},"branchMap":{},"s":{"0":4,"1":4,"2":4,"3":4,"4":4,"5":4,"6":4,"7":4,"8":4},"f":{},"b":{}}
,"C:\\Users\\marsa\\Documents\\comp3900\\comp3900_project\\backend\\routes\\bookingRoutes.ts": {"path":"C:\\Users\\marsa\\Documents\\comp3900\\comp3900_project\\backend\\routes\\bookingRoutes.ts","statementMap":{"0":{"start":{"line":1,"column":0},"end":{"line":1,"column":null}},"1":{"start":{"line":14,"column":0},"end":{"line":14,"column":74}},"2":{"start":{"line":15,"column":0},"end":{"line":15,"column":null}},"3":{"start":{"line":20,"column":0},"end":{"line":20,"column":33}},"4":{"start":{"line":21,"column":15},"end":{"line":21,"column":23}},"5":{"start":{"line":42,"column":19},"end":{"line":42,"column":32}},"6":{"start":{"line":23,"column":0},"end":{"line":23,"column":58}},"7":{"start":{"line":24,"column":0},"end":{"line":24,"column":63}},"8":{"start":{"line":25,"column":0},"end":{"line":25,"column":50}},"9":{"start":{"line":27,"column":0},"end":{"line":27,"column":49}},"10":{"start":{"line":28,"column":0},"end":{"line":30,"column":59}},"11":{"start":{"line":31,"column":0},"end":{"line":31,"column":51}},"12":{"start":{"line":32,"column":0},"end":{"line":34,"column":65}},"13":{"start":{"line":35,"column":0},"end":{"line":37,"column":62}},"14":{"start":{"line":39,"column":0},"end":{"line":39,"column":65}},"15":{"start":{"line":40,"column":0},"end":{"line":40,"column":58}}},"fnMap":{},"branchMap":{},"s":{"0":4,"1":4,"2":4,"3":4,"4":4,"5":4,"6":4,"7":4,"8":4,"9":4,"10":4,"11":4,"12":4,"13":4,"14":4,"15":4},"f":{},"b":{}}
,"C:\\Users\\marsa\\Documents\\comp3900\\comp3900_project\\backend\\routes\\roomRouter.ts": {"path":"C:\\Users\\marsa\\Documents\\comp3900\\comp3900_project\\backend\\routes\\roomRouter.ts","statementMap":{"0":{"start":{"line":1,"column":0},"end":{"line":1,"column":null}},"1":{"start":{"line":8,"column":0},"end":{"line":8,"column":74}},"2":{"start":{"line":9,"column":0},"end":{"line":9,"column":null}},"3":{"start":{"line":14,"column":0},"end":{"line":14,"column":33}},"4":{"start":{"line":15,"column":15},"end":{"line":15,"column":23}},"5":{"start":{"line":30,"column":19},"end":{"line":30,"column":29}},"6":{"start":{"line":17,"column":0},"end":{"line":20,"column":71}},"7":{"start":{"line":22,"column":0},"end":{"line":26,"column":72}},"8":{"start":{"line":28,"column":0},"end":{"line":28,"column":58}}},"fnMap":{},"branchMap":{},"s":{"0":4,"1":4,"2":4,"3":4,"4":4,"5":4,"6":4,"7":4,"8":4},"f":{},"b":{}}
,"C:\\Users\\marsa\\Documents\\comp3900\\comp3900_project\\backend\\routes\\userRoutes.ts": {"path":"C:\\Users\\marsa\\Documents\\comp3900\\comp3900_project\\backend\\routes\\userRoutes.ts","statementMap":{"0":{"start":{"line":1,"column":0},"end":{"line":1,"column":30}},"1":{"start":{"line":3,"column":0},"end":{"line":3,"column":null}},"2":{"start":{"line":10,"column":15},"end":{"line":10,"column":31}},"3":{"start":{"line":22,"column":19},"end":{"line":22,"column":29}},"4":{"start":{"line":12,"column":0},"end":{"line":12,"column":35}},"5":{"start":{"line":14,"column":0},"end":{"line":14,"column":45}},"6":{"start":{"line":16,"column":0},"end":{"line":16,"column":46}},"7":{"start":{"line":18,"column":0},"end":{"line":18,"column":62}},"8":{"start":{"line":20,"column":0},"end":{"line":20,"column":40}}},"fnMap":{},"branchMap":{},"s":{"0":4,"1":4,"2":4,"3":4,"4":4,"5":4,"6":4,"7":4,"8":4},"f":{},"b":{}}
,"C:\\Users\\marsa\\Documents\\comp3900\\comp3900_project\\backend\\utils\\checkPermissions.ts": {"path":"C:\\Users\\marsa\\Documents\\comp3900\\comp3900_project\\backend\\utils\\checkPermissions.ts","statementMap":{"0":{"start":{"line":1,"column":0},"end":{"line":1,"column":46}},"1":{"start":{"line":3,"column":32},"end":{"line":10,"column":1}},"2":{"start":{"line":7,"column":2},"end":{"line":7,"column":60}},"3":{"start":{"line":7,"column":53},"end":{"line":7,"column":60}},"4":{"start":{"line":9,"column":2},"end":{"line":9,"column":77}},"5":{"start":{"line":3,"column":13},"end":{"line":3,"column":32}}},"fnMap":{"0":{"name":"(anonymous_0)","decl":{"start":{"line":3,"column":32},"end":{"line":3,"column":null}},"loc":{"start":{"line":6,"column":4},"end":{"line":10,"column":1}}}},"branchMap":{"0":{"loc":{"start":{"line":7,"column":2},"end":{"line":7,"column":60}},"type":"if","locations":[{"start":{"line":7,"column":2},"end":{"line":7,"column":60}}]},"1":{"loc":{"start":{"line":7,"column":6},"end":{"line":7,"column":51}},"type":"binary-expr","locations":[{"start":{"line":7,"column":6},"end":{"line":7,"column":31}},{"start":{"line":7,"column":35},"end":{"line":7,"column":51}}]}},"s":{"0":4,"1":4,"2":3,"3":2,"4":1,"5":4},"f":{"0":3},"b":{"0":[2],"1":[3,2]}}
,"C:\\Users\\marsa\\Documents\\comp3900\\comp3900_project\\backend\\utils\\createTokenUser.ts": {"path":"C:\\Users\\marsa\\Documents\\comp3900\\comp3900_project\\backend\\utils\\createTokenUser.ts","statementMap":{"0":{"start":{"line":5,"column":31},"end":{"line":15,"column":1}},"1":{"start":{"line":6,"column":2},"end":{"line":14,"column":4}},"2":{"start":{"line":5,"column":13},"end":{"line":5,"column":31}}},"fnMap":{"0":{"name":"(anonymous_0)","decl":{"start":{"line":5,"column":31},"end":{"line":5,"column":32}},"loc":{"start":{"line":5,"column":50},"end":{"line":15,"column":1}}}},"branchMap":{},"s":{"0":4,"1":10,"2":4},"f":{"0":10},"b":{}}
,"C:\\Users\\marsa\\Documents\\comp3900\\comp3900_project\\backend\\utils\\index.ts": {"path":"C:\\Users\\marsa\\Documents\\comp3900\\comp3900_project\\backend\\utils\\index.ts","statementMap":{"0":{"start":{"line":1,"column":0},"end":{"line":1,"column":9}},"1":{"start":{"line":6,"column":2},"end":{"line":1,"column":24}},"2":{"start":{"line":7,"column":2},"end":{"line":1,"column":38}},"3":{"start":{"line":8,"column":2},"end":{"line":1,"column":77}},"4":{"start":{"line":2,"column":0},"end":{"line":2,"column":9}},"5":{"start":{"line":9,"column":2},"end":{"line":2,"column":52}},"6":{"start":{"line":3,"column":0},"end":{"line":3,"column":9}},"7":{"start":{"line":10,"column":2},"end":{"line":3,"column":54}}},"fnMap":{"0":{"name":"(anonymous_0)","decl":{"start":{"line":6,"column":2},"end":{"line":6,"column":15}},"loc":{"start":{"line":6,"column":2},"end":{"line":1,"column":24}}},"1":{"name":"(anonymous_1)","decl":{"start":{"line":7,"column":2},"end":{"line":7,"column":14}},"loc":{"start":{"line":7,"column":2},"end":{"line":1,"column":38}}},"2":{"name":"(anonymous_2)","decl":{"start":{"line":8,"column":2},"end":{"line":8,"column":25}},"loc":{"start":{"line":8,"column":2},"end":{"line":1,"column":77}}},"3":{"name":"(anonymous_3)","decl":{"start":{"line":9,"column":2},"end":{"line":9,"column":17}},"loc":{"start":{"line":9,"column":2},"end":{"line":2,"column":52}}},"4":{"name":"(anonymous_4)","decl":{"start":{"line":10,"column":2},"end":{"line":10,"column":18}},"loc":{"start":{"line":10,"column":2},"end":{"line":3,"column":54}}}},"branchMap":{},"s":{"0":4,"1":4,"2":4,"3":14,"4":4,"5":14,"6":4,"7":7},"f":{"0":0,"1":0,"2":10,"3":10,"4":3},"b":{}}
,"C:\\Users\\marsa\\Documents\\comp3900\\comp3900_project\\backend\\utils\\jwt.ts": {"path":"C:\\Users\\marsa\\Documents\\comp3900\\comp3900_project\\backend\\utils\\jwt.ts","statementMap":{"0":{"start":{"line":1,"column":0},"end":{"line":1,"column":44}},"1":{"start":{"line":4,"column":21},"end":{"line":8,"column":1}},"2":{"start":{"line":5,"column":25},"end":{"line":5,"column":36}},"3":{"start":{"line":6,"column":18},"end":{"line":6,"column":62}},"4":{"start":{"line":7,"column":2},"end":{"line":7,"column":17}},"5":{"start":{"line":28,"column":24},"end":{"line":28,"column":36}},"6":{"start":{"line":9,"column":22},"end":{"line":15,"column":1}},"7":{"start":{"line":10,"column":39},"end":{"line":10,"column":50}},"8":{"start":{"line":11,"column":16},"end":{"line":13,"column":4}},"9":{"start":{"line":14,"column":2},"end":{"line":14,"column":15}},"10":{"start":{"line":28,"column":9},"end":{"line":28,"column":22}},"11":{"start":{"line":17,"column":32},"end":{"line":26,"column":1}},"12":{"start":{"line":18,"column":16},"end":{"line":18,"column":40}},"13":{"start":{"line":20,"column":2},"end":{"line":25,"column":5}},"14":{"start":{"line":28,"column":38},"end":{"line":28,"column":61}}},"fnMap":{"0":{"name":"(anonymous_0)","decl":{"start":{"line":4,"column":21},"end":{"line":4,"column":22}},"loc":{"start":{"line":4,"column":48},"end":{"line":8,"column":1}}},"1":{"name":"(anonymous_1)","decl":{"start":{"line":9,"column":22},"end":{"line":9,"column":23}},"loc":{"start":{"line":9,"column":46},"end":{"line":15,"column":1}}},"2":{"name":"(anonymous_2)","decl":{"start":{"line":17,"column":32},"end":{"line":17,"column":33}},"loc":{"start":{"line":17,"column":73},"end":{"line":26,"column":1}}}},"branchMap":{},"s":{"0":4,"1":4,"2":92,"3":92,"4":92,"5":4,"6":4,"7":10,"8":10,"9":10,"10":4,"11":4,"12":10,"13":10,"14":4},"f":{"0":92,"1":10,"2":10},"b":{}}
,"C:\\Users\\marsa\\Documents\\comp3900\\comp3900_project\\backend\\utils\\sendEmail.ts": {"path":"C:\\Users\\marsa\\Documents\\comp3900\\comp3900_project\\backend\\utils\\sendEmail.ts","statementMap":{"0":{"start":{"line":1,"column":0},"end":{"line":1,"column":36}},"1":{"start":{"line":11,"column":25},"end":{"line":16,"column":2}},"2":{"start":{"line":11,"column":55},"end":{"line":16,"column":2}},"3":{"start":{"line":12,"column":31},"end":{"line":12,"column":42}},"4":{"start":{"line":13,"column":2},"end":{"line":13,"column":47}},"5":{"start":{"line":14,"column":14},"end":{"line":14,"column":41}},"6":{"start":{"line":15,"column":2},"end":{"line":15,"column":19}},"7":{"start":{"line":11,"column":13},"end":{"line":11,"column":25}}},"fnMap":{"0":{"name":"(anonymous_8)","decl":{"start":{"line":11,"column":25},"end":{"line":11,"column":32}},"loc":{"start":{"line":11,"column":55},"end":{"line":16,"column":2}}},"1":{"name":"(anonymous_9)","decl":{"start":{"line":11,"column":55},"end":{"line":11,"column":null}},"loc":{"start":{"line":11,"column":55},"end":{"line":16,"column":1}}}},"branchMap":{},"s":{"0":4,"1":4,"2":0,"3":0,"4":0,"5":0,"6":0,"7":4},"f":{"0":0,"1":0},"b":{}}
,"C:\\Users\\marsa\\Documents\\comp3900\\comp3900_project\\backend\\utils\\sendVerificationEmail.ts": {"path":"C:\\Users\\marsa\\Documents\\comp3900\\comp3900_project\\backend\\utils\\sendVerificationEmail.ts","statementMap":{"0":{"start":{"line":1,"column":0},"end":{"line":1,"column":40}},"1":{"start":{"line":2,"column":37},"end":{"line":22,"column":2}},"2":{"start":{"line":6,"column":4},"end":{"line":22,"column":2}},"3":{"start":{"line":7,"column":15},"end":{"line":7,"column":39}},"4":{"start":{"line":8,"column":17},"end":{"line":8,"column":40}},"5":{"start":{"line":9,"column":14},"end":{"line":9,"column":76}},"6":{"start":{"line":11,"column":15},"end":{"line":11,"column":90}},"7":{"start":{"line":13,"column":18},"end":{"line":13,"column":65}},"8":{"start":{"line":14,"column":15},"end":{"line":14,"column":34}},"9":{"start":{"line":15,"column":2},"end":{"line":21,"column":5}},"10":{"start":{"line":2,"column":13},"end":{"line":2,"column":37}}},"fnMap":{"0":{"name":"(anonymous_7)","decl":{"start":{"line":2,"column":37},"end":{"line":2,"column":null}},"loc":{"start":{"line":6,"column":4},"end":{"line":22,"column":2}}},"1":{"name":"(anonymous_8)","decl":{"start":{"line":6,"column":4},"end":{"line":6,"column":null}},"loc":{"start":{"line":6,"column":4},"end":{"line":22,"column":1}}}},"branchMap":{},"s":{"0":4,"1":4,"2":0,"3":0,"4":0,"5":0,"6":0,"7":0,"8":0,"9":0,"10":4},"f":{"0":0,"1":0},"b":{}}
}
