TN:
SF:app.ts
FN:52,(anonymous_8)
FN:76,(anonymous_9)
FN:76,(anonymous_10)
FN:80,(anonymous_11)
FNF:4
FNH:0
FNDA:0,(anonymous_8)
FNDA:0,(anonymous_9)
FNDA:0,(anonymous_10)
FNDA:0,(anonymous_11)
DA:1,4
DA:2,4
DA:3,4
DA:4,4
DA:6,4
DA:7,4
DA:8,4
DA:9,4
DA:12,4
DA:13,4
DA:14,4
DA:17,4
DA:18,4
DA:19,4
DA:20,4
DA:23,4
DA:24,4
DA:28,4
DA:30,4
DA:33,4
DA:36,4
DA:41,4
DA:43,4
DA:45,4
DA:47,4
DA:49,4
DA:52,4
DA:53,0
DA:58,4
DA:60,4
DA:61,4
DA:62,4
DA:63,4
DA:68,4
DA:70,4
DA:72,4
DA:73,4
DA:75,4
DA:76,0
DA:77,0
DA:78,0
DA:79,0
DA:80,0
DA:81,0
DA:84,0
LF:45
LH:37
BRDA:72,0,0,4
BRDA:72,0,1,4
BRDA:75,1,0,0
BRF:3
BRH:2
end_of_record
TN:
SF:controllers\authController.ts
FN:15,(anonymous_7)
FN:18,(anonymous_8)
FN:44,(anonymous_9)
FN:47,(anonymous_10)
FN:70,(anonymous_11)
FN:70,(anonymous_12)
FN:77,(anonymous_13)
FN:82,(anonymous_14)
FNF:8
FNH:4
FNDA:0,(anonymous_7)
FNDA:0,(anonymous_8)
FNDA:10,(anonymous_9)
FNDA:10,(anonymous_10)
FNDA:1,(anonymous_11)
FNDA:1,(anonymous_12)
FNDA:0,(anonymous_13)
FNDA:0,(anonymous_14)
DA:1,4
DA:2,4
DA:3,4
DA:8,4
DA:10,4
DA:11,4
DA:13,4
DA:15,4
DA:18,0
DA:19,0
DA:20,0
DA:21,0
DA:23,0
DA:24,0
DA:26,0
DA:28,0
DA:30,0
DA:31,0
DA:33,0
DA:34,0
DA:35,0
DA:44,4
DA:47,10
DA:48,10
DA:49,1
DA:50,9
DA:52,9
DA:54,8
DA:55,0
DA:56,0
DA:58,0
DA:59,0
DA:60,0
DA:63,8
DA:65,8
DA:67,8
DA:70,4
DA:71,1
DA:75,1
DA:77,4
DA:82,0
DA:83,0
DA:84,0
DA:85,0
DA:86,0
DA:87,0
DA:89,0
DA:90,0
DA:91,0
DA:93,4
LF:50
LH:23
BRDA:20,0,0,0
BRDA:23,1,0,0
BRDA:26,2,0,0
BRDA:48,3,0,1
BRDA:52,4,0,1
BRDA:54,5,0,0
BRDA:55,6,0,0
BRDA:59,7,0,0
BRDA:84,8,0,0
BRDA:85,9,0,0
BRF:10
BRH:2
end_of_record
TN:
SF:controllers\bookingController.ts
FN:46,(anonymous_8)
FN:52,(anonymous_9)
FN:146,(anonymous_10)
FN:149,(anonymous_11)
FN:174,(anonymous_12)
FN:177,(anonymous_13)
FN:197,(anonymous_14)
FN:200,(anonymous_15)
FN:225,(anonymous_16)
FN:228,(anonymous_17)
FN:265,(anonymous_18)
FN:268,(anonymous_19)
FN:277,(anonymous_20)
FN:280,(anonymous_21)
FN:290,(anonymous_22)
FN:294,(anonymous_23)
FN:315,(anonymous_24)
FN:315,(anonymous_25)
FN:318,(anonymous_26)
FN:318,(anonymous_27)
FN:321,(anonymous_28)
FN:324,(anonymous_29)
FN:332,(anonymous_30)
FN:335,(anonymous_31)
FNF:24
FNH:20
FNDA:30,(anonymous_8)
FNDA:30,(anonymous_9)
FNDA:3,(anonymous_10)
FNDA:3,(anonymous_11)
FNDA:2,(anonymous_12)
FNDA:2,(anonymous_13)
FNDA:2,(anonymous_14)
FNDA:2,(anonymous_15)
FNDA:9,(anonymous_16)
FNDA:9,(anonymous_17)
FNDA:9,(anonymous_18)
FNDA:9,(anonymous_19)
FNDA:3,(anonymous_20)
FNDA:3,(anonymous_21)
FNDA:7,(anonymous_22)
FNDA:7,(anonymous_23)
FNDA:3,(anonymous_24)
FNDA:3,(anonymous_25)
FNDA:4,(anonymous_26)
FNDA:4,(anonymous_27)
FNDA:0,(anonymous_28)
FNDA:0,(anonymous_29)
FNDA:0,(anonymous_30)
FNDA:0,(anonymous_31)
DA:2,4
DA:3,4
DA:9,4
DA:10,4
DA:11,4
DA:12,4
DA:18,4
DA:24,4
DA:25,4
DA:26,4
DA:27,4
DA:28,4
DA:46,4
DA:52,30
DA:53,30
DA:54,1
DA:58,29
DA:59,3
DA:60,3
DA:61,2
DA:62,1
DA:68,27
DA:70,27
DA:74,26
DA:77,26
DA:101,26
DA:102,26
DA:103,2
DA:108,24
DA:120,24
DA:123,24
DA:131,24
DA:143,24
DA:146,4
DA:149,3
DA:151,3
DA:152,0
DA:160,3
DA:162,3
DA:163,3
DA:164,3
DA:171,3
DA:174,4
DA:177,2
DA:178,2
DA:179,2
DA:180,0
DA:182,2
DA:183,1
DA:187,1
DA:195,1
DA:197,4
DA:200,2
DA:201,2
DA:202,2
DA:203,0
DA:205,2
DA:206,1
DA:210,1
DA:219,1
DA:223,1
DA:225,4
DA:228,9
DA:230,9
DA:231,0
DA:240,9
DA:242,9
DA:247,9
DA:252,9
DA:263,9
DA:265,4
DA:268,9
DA:269,9
DA:271,8
DA:272,1
DA:274,7
DA:277,4
DA:280,3
DA:281,3
DA:282,3
DA:283,0
DA:284,3
DA:286,2
DA:287,2
DA:290,4
DA:294,7
DA:295,7
DA:296,7
DA:298,7
DA:299,2
DA:301,5
DA:302,2
DA:306,3
DA:307,3
DA:308,3
DA:315,4
DA:316,3
DA:318,4
DA:319,4
DA:321,4
DA:324,0
DA:327,0
DA:332,4
DA:335,0
DA:337,0
DA:339,0
DA:344,0
DA:346,0
DA:349,0
DA:350,0
DA:359,4
DA:360,4
DA:361,4
DA:362,4
DA:363,4
DA:364,4
DA:365,4
DA:366,4
DA:367,4
DA:368,4
DA:369,4
LF:121
LH:107
BRDA:53,0,0,1
BRDA:53,1,0,30
BRDA:53,1,1,4
BRDA:58,2,0,3
BRDA:60,3,0,1
BRDA:61,4,0,1
BRDA:70,5,0,1
BRDA:89,6,0,17
BRDA:89,6,1,9
BRDA:91,7,0,1
BRDA:91,7,1,8
BRDA:102,8,0,2
BRDA:112,9,0,1
BRDA:112,9,1,23
BRDA:123,10,0,0
BRDA:124,11,0,24
BRDA:124,11,1,19
BRDA:124,11,2,19
BRDA:131,12,0,24
BRDA:151,13,0,0
BRDA:151,13,1,3
BRDA:151,14,0,3
BRDA:151,14,1,0
BRDA:163,15,0,0
BRDA:169,16,0,3
BRDA:169,16,1,3
BRDA:179,17,0,0
BRDA:182,18,0,1
BRDA:202,19,0,0
BRDA:205,20,0,1
BRDA:230,21,0,0
BRDA:230,21,1,9
BRDA:230,22,0,9
BRDA:230,22,1,0
BRDA:247,23,0,0
BRDA:261,24,0,9
BRDA:261,24,1,9
BRDA:271,25,0,1
BRDA:282,26,0,0
BRDA:296,27,0,0
BRDA:298,28,0,2
BRDA:301,29,0,2
BRDA:310,30,0,1
BRDA:310,30,1,2
BRF:44
BRH:33
end_of_record
TN:
SF:controllers\reviewController.ts
FN:8,(anonymous_7)
FN:11,(anonymous_8)
FN:35,(anonymous_9)
FN:35,(anonymous_10)
FN:44,(anonymous_11)
FN:47,(anonymous_12)
FN:60,(anonymous_13)
FN:63,(anonymous_14)
FN:80,(anonymous_15)
FN:83,(anonymous_16)
FN:90,(anonymous_17)
FN:93,(anonymous_18)
FNF:12
FNH:0
FNDA:0,(anonymous_7)
FNDA:0,(anonymous_8)
FNDA:0,(anonymous_9)
FNDA:0,(anonymous_10)
FNDA:0,(anonymous_11)
FNDA:0,(anonymous_12)
FNDA:0,(anonymous_13)
FNDA:0,(anonymous_14)
FNDA:0,(anonymous_15)
FNDA:0,(anonymous_16)
FNDA:0,(anonymous_17)
FNDA:0,(anonymous_18)
DA:2,4
DA:3,4
DA:4,4
DA:5,4
DA:6,4
DA:8,4
DA:11,0
DA:12,0
DA:14,0
DA:16,0
DA:17,0
DA:20,0
DA:24,0
DA:25,0
DA:29,0
DA:33,0
DA:35,4
DA:36,0
DA:42,0
DA:44,4
DA:47,0
DA:48,0
DA:50,0
DA:51,0
DA:53,0
DA:55,0
DA:57,0
DA:60,4
DA:63,0
DA:64,0
DA:66,0
DA:67,0
DA:69,0
DA:71,0
DA:72,0
DA:73,0
DA:75,0
DA:77,0
DA:80,4
DA:83,0
DA:84,0
DA:85,0
DA:87,0
DA:90,4
DA:93,0
DA:94,0
DA:95,0
DA:99,4
DA:100,4
DA:101,4
DA:102,4
DA:103,4
DA:104,4
LF:53
LH:17
BRDA:16,0,0,0
BRDA:24,1,0,0
BRDA:50,2,0,0
BRDA:66,3,0,0
BRDA:85,4,0,0
BRF:5
BRH:0
end_of_record
TN:
SF:controllers\roomController.ts
FN:15,(anonymous_7)
FN:18,(anonymous_8)
FN:23,(anonymous_9)
FN:26,(anonymous_10)
FN:33,(anonymous_11)
FN:56,(anonymous_12)
FN:59,(anonymous_13)
FN:67,(anonymous_14)
FN:70,(anonymous_15)
FN:80,(anonymous_16)
FN:83,(anonymous_17)
FNF:11
FNH:11
FNDA:2,(anonymous_7)
FNDA:2,(anonymous_8)
FNDA:9,(anonymous_9)
FNDA:9,(anonymous_10)
FNDA:34,(anonymous_11)
FNDA:3,(anonymous_12)
FNDA:3,(anonymous_13)
FNDA:3,(anonymous_14)
FNDA:3,(anonymous_15)
FNDA:1,(anonymous_16)
FNDA:1,(anonymous_17)
DA:2,4
DA:3,4
DA:4,4
DA:6,4
DA:7,4
DA:8,4
DA:15,4
DA:18,2
DA:19,2
DA:20,1
DA:23,4
DA:26,9
DA:31,9
DA:33,34
DA:39,9
DA:40,0
DA:42,0
DA:44,9
DA:45,9
DA:47,9
DA:49,9
DA:53,9
DA:54,9
DA:56,4
DA:59,3
DA:60,3
DA:62,2
DA:64,1
DA:67,4
DA:70,3
DA:71,3
DA:76,2
DA:78,2
DA:80,4
DA:83,1
DA:84,1
DA:85,1
DA:87,1
DA:88,1
DA:91,4
LF:40
LH:38
BRDA:39,0,0,0
BRDA:44,1,0,0
BRDA:45,2,0,0
BRDA:47,3,0,0
BRDA:47,3,1,9
BRDA:47,4,0,0
BRDA:47,4,1,0
BRDA:49,5,0,9
BRDA:49,5,1,9
BRDA:62,6,0,1
BRDA:76,7,0,0
BRDA:85,8,0,0
BRF:12
BRH:4
end_of_record
TN:
SF:controllers\userController.ts
FN:11,(anonymous_7)
FN:11,(anonymous_8)
FN:17,(anonymous_9)
FN:17,(anonymous_10)
FN:29,(anonymous_11)
FN:29,(anonymous_12)
FN:33,(anonymous_13)
FN:36,(anonymous_14)
FN:54,(anonymous_15)
FN:57,(anonymous_16)
FNF:10
FNH:8
FNDA:2,(anonymous_7)
FNDA:2,(anonymous_8)
FNDA:4,(anonymous_9)
FNDA:4,(anonymous_10)
FNDA:1,(anonymous_11)
FNDA:1,(anonymous_12)
FNDA:0,(anonymous_13)
FNDA:0,(anonymous_14)
FNDA:3,(anonymous_15)
FNDA:3,(anonymous_16)
DA:2,4
DA:3,4
DA:4,4
DA:5,4
DA:11,4
DA:12,2
DA:14,2
DA:17,4
DA:18,4
DA:22,3
DA:26,2
DA:29,4
DA:30,1
DA:33,4
DA:36,0
DA:37,0
DA:38,0
DA:40,0
DA:50,0
DA:51,0
DA:54,4
DA:57,3
DA:58,3
DA:66,2
DA:68,2
DA:70,2
DA:74,4
DA:75,4
DA:76,4
DA:77,4
DA:78,4
LF:31
LH:25
BRDA:22,0,0,1
BRDA:37,1,0,0
BRDA:37,2,0,0
BRDA:37,2,1,0
BRF:4
BRH:1
end_of_record
TN:
SF:db\connect.ts
FN:3,(anonymous_0)
FNF:1
FNH:0
FNDA:0,(anonymous_0)
DA:1,4
DA:3,4
LF:2
LH:2
BRF:0
BRH:0
end_of_record
TN:
SF:errors\bad-request.ts
FN:6,(anonymous_0)
FNF:1
FNH:1
FNDA:14,(anonymous_0)
DA:1,4
DA:2,4
DA:4,4
DA:7,14
DA:8,14
LF:5
LH:5
BRF:0
BRH:0
end_of_record
TN:
SF:errors\custom-api.ts
FN:2,(anonymous_0)
FNF:1
FNH:1
FNDA:23,(anonymous_0)
DA:1,4
DA:3,23
LF:2
LH:2
BRF:0
BRH:0
end_of_record
TN:
SF:errors\index.ts
FN:8,(anonymous_0)
FN:9,(anonymous_1)
FN:10,(anonymous_2)
FN:11,(anonymous_3)
FN:12,(anonymous_4)
FNF:5
FNH:3
FNDA:0,(anonymous_0)
FNDA:6,(anonymous_1)
FNDA:0,(anonymous_2)
FNDA:14,(anonymous_3)
FNDA:3,(anonymous_4)
DA:1,4
DA:2,4
DA:3,4
DA:4,4
DA:5,4
DA:8,4
DA:9,10
DA:10,4
DA:11,18
DA:12,7
LF:10
LH:10
BRF:0
BRH:0
end_of_record
TN:
SF:errors\not-found.ts
FN:6,(anonymous_0)
FNF:1
FNH:0
FNDA:0,(anonymous_0)
DA:1,4
DA:2,4
DA:4,4
DA:7,0
DA:8,0
LF:5
LH:3
BRF:0
BRH:0
end_of_record
TN:
SF:errors\unauthenticated.ts
FN:6,(anonymous_0)
FNF:1
FNH:1
FNDA:6,(anonymous_0)
DA:1,4
DA:2,4
DA:4,4
DA:7,6
DA:8,6
LF:5
LH:5
BRF:0
BRH:0
end_of_record
TN:
SF:errors\unauthorized.ts
FN:6,(anonymous_0)
FNF:1
FNH:1
FNDA:3,(anonymous_0)
DA:1,4
DA:2,4
DA:4,4
DA:7,3
DA:8,3
LF:5
LH:5
BRF:0
BRH:0
end_of_record
TN:
SF:middleware\error-handler.ts
FN:5,(anonymous_0)
FN:19,(anonymous_1)
FNF:2
FNH:2
FNDA:29,(anonymous_0)
FNDA:2,(anonymous_1)
DA:2,4
DA:5,4
DA:11,29
DA:16,29
DA:17,2
DA:19,2
DA:20,2
DA:22,29
DA:23,0
DA:26,0
DA:28,29
DA:29,4
DA:30,4
DA:33,29
LF:14
LH:12
BRDA:13,0,0,29
BRDA:13,0,1,6
BRDA:14,1,0,29
BRDA:14,1,1,0
BRDA:16,2,0,2
BRDA:22,3,0,0
BRDA:22,4,0,29
BRDA:22,4,1,0
BRDA:28,5,0,4
BRF:9
BRH:6
end_of_record
TN:
SF:middleware\full-auth.ts
FN:6,(anonymous_7)
FN:10,(anonymous_8)
FN:42,(anonymous_9)
FN:43,(anonymous_10)
FNF:4
FNH:4
FNDA:96,(anonymous_7)
FNDA:96,(anonymous_8)
FNDA:24,(anonymous_9)
FNDA:16,(anonymous_10)
DA:2,4
DA:3,4
DA:6,4
DA:10,96
DA:11,96
DA:12,4
DA:14,92
DA:23,92
DA:25,92
DA:35,92
DA:37,0
DA:42,4
DA:43,24
DA:44,16
DA:45,1
DA:47,15
DA:50,4
LF:17
LH:16
BRDA:11,0,0,4
BRDA:44,1,0,1
BRF:2
BRH:2
end_of_record
TN:
SF:middleware\not-found.ts
FN:2,(anonymous_0)
FNF:1
FNH:0
FNDA:0,(anonymous_0)
DA:2,4
DA:3,0
DA:5,4
LF:3
LH:2
BRF:0
BRH:0
end_of_record
TN:
SF:models\Booking.ts
FNF:0
FNH:0
DA:1,4
DA:11,4
DA:63,4
LF:3
LH:3
BRF:0
BRH:0
end_of_record
TN:
SF:models\Product.ts
FN:80,(anonymous_7)
FNF:1
FNH:0
FNDA:0,(anonymous_7)
DA:1,4
DA:12,4
DA:77,4
DA:82,0
DA:85,4
LF:5
LH:4
BRF:0
BRH:0
end_of_record
TN:
SF:models\Review.ts
FN:55,(anonymous_7)
FN:85,(anonymous_9)
FN:93,(anonymous_11)
FNF:3
FNH:0
FNDA:0,(anonymous_7)
FNDA:0,(anonymous_9)
FNDA:0,(anonymous_11)
DA:1,4
DA:4,4
DA:16,4
DA:51,4
DA:53,4
DA:56,0
DA:74,0
DA:75,0
DA:80,0
DA:85,4
DA:87,0
DA:90,4
DA:95,0
DA:99,4
LF:14
LH:8
BRDA:76,0,0,0
BRDA:76,0,1,0
BRDA:76,1,0,0
BRDA:76,1,1,0
BRDA:76,2,0,0
BRDA:76,2,1,0
BRDA:77,3,0,0
BRDA:77,3,1,0
BRDA:77,4,0,0
BRDA:77,4,1,0
BRDA:77,5,0,0
BRDA:77,5,1,0
BRF:12
BRH:0
end_of_record
TN:
SF:models\Room.ts
FNF:0
FNH:0
DA:1,4
DA:11,4
DA:31,4
LF:3
LH:3
BRF:0
BRH:0
end_of_record
TN:
SF:models\User.ts
FN:25,(anonymous_7)
FN:74,(anonymous_8)
FN:78,(anonymous_9)
FNF:3
FNH:0
FNDA:0,(anonymous_7)
FNDA:0,(anonymous_8)
FNDA:0,(anonymous_9)
DA:1,4
DA:3,4
DA:5,4
DA:14,4
DA:25,0
DA:74,4
DA:75,0
DA:78,4
DA:79,0
DA:80,0
DA:81,0
DA:84,4
LF:12
LH:7
BRDA:79,0,0,0
BRF:1
BRH:0
end_of_record
TN:
SF:queries\availableBetweenQuery.ts
FN:3,(anonymous_0)
FNF:1
FNH:0
FNDA:0,(anonymous_0)
DA:1,4
DA:3,4
DA:4,0
LF:3
LH:2
BRF:0
BRH:0
end_of_record
TN:
SF:queries\bookingsNotCheckedInQuery.ts
FN:4,(anonymous_1)
FNF:1
FNH:0
FNDA:0,(anonymous_1)
DA:1,4
DA:2,4
DA:4,4
DA:5,0
LF:4
LH:3
BRF:0
BRH:0
end_of_record
TN:
SF:queries\mostCommonUsersQuery.ts
FN:3,(anonymous_0)
FNF:1
FNH:0
FNDA:0,(anonymous_0)
DA:1,4
DA:3,4
DA:4,0
LF:3
LH:2
BRF:0
BRH:0
end_of_record
TN:
SF:queries\mostCommonlyBookedRoomsQuery.ts
FN:3,(anonymous_0)
FNF:1
FNH:0
FNDA:0,(anonymous_0)
DA:1,4
DA:3,4
DA:4,0
LF:3
LH:2
BRF:0
BRH:0
end_of_record
TN:
SF:queries\roomsUsageQuery.ts
FN:4,(anonymous_1)
FNF:1
FNH:0
FNDA:0,(anonymous_1)
DA:1,4
DA:2,4
DA:4,4
DA:5,0
LF:4
LH:3
BRF:0
BRH:0
end_of_record
TN:
SF:queries\userCheckInUsageQuery.ts
FN:5,(anonymous_0)
FNF:1
FNH:0
FNDA:0,(anonymous_0)
DA:3,4
DA:5,4
DA:6,0
LF:3
LH:2
BRF:0
BRH:0
end_of_record
TN:
SF:routes\authRoutes.ts
FNF:0
FNH:0
DA:1,4
DA:7,4
DA:8,4
DA:9,4
DA:11,4
DA:12,4
DA:13,4
DA:14,4
DA:15,4
LF:9
LH:9
BRF:0
BRH:0
end_of_record
TN:
SF:routes\bookingRoutes.ts
FNF:0
FNH:0
DA:1,4
DA:14,4
DA:15,4
DA:20,4
DA:21,4
DA:23,4
DA:24,4
DA:25,4
DA:27,4
DA:28,4
DA:31,4
DA:32,4
DA:35,4
DA:39,4
DA:40,4
DA:42,4
LF:16
LH:16
BRF:0
BRH:0
end_of_record
TN:
SF:routes\roomRouter.ts
FNF:0
FNH:0
DA:1,4
DA:8,4
DA:9,4
DA:14,4
DA:15,4
DA:17,4
DA:22,4
DA:28,4
DA:30,4
LF:9
LH:9
BRF:0
BRH:0
end_of_record
TN:
SF:routes\userRoutes.ts
FNF:0
FNH:0
DA:1,4
DA:3,4
DA:10,4
DA:12,4
DA:14,4
DA:16,4
DA:18,4
DA:20,4
DA:22,4
LF:9
LH:9
BRF:0
BRH:0
end_of_record
TN:
SF:utils\checkPermissions.ts
FN:3,(anonymous_0)
FNF:1
FNH:1
FNDA:3,(anonymous_0)
DA:1,4
DA:3,4
DA:7,3
DA:9,1
LF:4
LH:4
BRDA:7,0,0,2
BRDA:7,1,0,3
BRDA:7,1,1,2
BRF:3
BRH:3
end_of_record
TN:
SF:utils\createTokenUser.ts
FN:5,(anonymous_0)
FNF:1
FNH:1
FNDA:10,(anonymous_0)
DA:5,4
DA:6,10
LF:2
LH:2
BRF:0
BRH:0
end_of_record
TN:
SF:utils\index.ts
FN:6,(anonymous_0)
FN:7,(anonymous_1)
FN:8,(anonymous_2)
FN:9,(anonymous_3)
FN:10,(anonymous_4)
FNF:5
FNH:3
FNDA:0,(anonymous_0)
FNDA:0,(anonymous_1)
FNDA:10,(anonymous_2)
FNDA:10,(anonymous_3)
FNDA:3,(anonymous_4)
DA:1,4
DA:2,4
DA:3,4
DA:6,4
DA:7,4
DA:8,14
DA:9,14
DA:10,7
LF:8
LH:8
BRF:0
BRH:0
end_of_record
TN:
SF:utils\jwt.ts
FN:4,(anonymous_0)
FN:9,(anonymous_1)
FN:17,(anonymous_2)
FNF:3
FNH:3
FNDA:92,(anonymous_0)
FNDA:10,(anonymous_1)
FNDA:10,(anonymous_2)
DA:1,4
DA:4,4
DA:5,92
DA:6,92
DA:7,92
DA:9,4
DA:10,10
DA:11,10
DA:14,10
DA:17,4
DA:18,10
DA:20,10
DA:28,4
LF:13
LH:13
BRF:0
BRH:0
end_of_record
TN:
SF:utils\sendEmail.ts
FN:11,(anonymous_8)
FN:11,(anonymous_9)
FNF:2
FNH:0
FNDA:0,(anonymous_8)
FNDA:0,(anonymous_9)
DA:1,4
DA:11,4
DA:12,0
DA:13,0
DA:14,0
DA:15,0
LF:6
LH:2
BRF:0
BRH:0
end_of_record
TN:
SF:utils\sendVerificationEmail.ts
FN:2,(anonymous_7)
FN:6,(anonymous_8)
FNF:2
FNH:0
FNDA:0,(anonymous_7)
FNDA:0,(anonymous_8)
DA:1,4
DA:2,4
DA:6,0
DA:7,0
DA:8,0
DA:9,0
DA:11,0
DA:13,0
DA:14,0
DA:15,0
LF:10
LH:2
BRF:0
BRH:0
end_of_record
